ARM GAS  /var/folders/fz/x0kldt2j7vs_j4slv3pyc44m0000gp/T//ccRaPmjQ.s 			page 1


   1              		.cpu cortex-m7
   2              		.arch armv7e-m
   3              		.fpu fpv5-sp-d16
   4              		.eabi_attribute 27, 1
   5              		.eabi_attribute 28, 1
   6              		.eabi_attribute 20, 1
   7              		.eabi_attribute 21, 1
   8              		.eabi_attribute 23, 3
   9              		.eabi_attribute 24, 1
  10              		.eabi_attribute 25, 1
  11              		.eabi_attribute 26, 1
  12              		.eabi_attribute 30, 1
  13              		.eabi_attribute 34, 1
  14              		.eabi_attribute 18, 4
  15              		.file	"ccsbcs.c"
  16              		.text
  17              	.Ltext0:
  18              		.cfi_sections	.debug_frame
  19              		.file 1 "Middlewares/Third_Party/FatFs/src/option/ccsbcs.c"
  20              		.section	.text.ff_convert,"ax",%progbits
  21              		.align	1
  22              		.global	ff_convert
  23              		.syntax unified
  24              		.thumb
  25              		.thumb_func
  27              	ff_convert:
  28              	.LVL0:
  29              	.LFB144:
   1:Middlewares/Third_Party/FatFs/src/option/ccsbcs.c **** /*------------------------------------------------------------------------*/
   2:Middlewares/Third_Party/FatFs/src/option/ccsbcs.c **** /* Unicode - Local code bidirectional converter  (C)ChaN, 2015            */
   3:Middlewares/Third_Party/FatFs/src/option/ccsbcs.c **** /* (SBCS code pages)                                                      */
   4:Middlewares/Third_Party/FatFs/src/option/ccsbcs.c **** /*------------------------------------------------------------------------*/
   5:Middlewares/Third_Party/FatFs/src/option/ccsbcs.c **** /*  437   U.S.
   6:Middlewares/Third_Party/FatFs/src/option/ccsbcs.c **** /   720   Arabic
   7:Middlewares/Third_Party/FatFs/src/option/ccsbcs.c **** /   737   Greek
   8:Middlewares/Third_Party/FatFs/src/option/ccsbcs.c **** /   771   KBL
   9:Middlewares/Third_Party/FatFs/src/option/ccsbcs.c **** /   775   Baltic
  10:Middlewares/Third_Party/FatFs/src/option/ccsbcs.c **** /   850   Latin 1
  11:Middlewares/Third_Party/FatFs/src/option/ccsbcs.c **** /   852   Latin 2
  12:Middlewares/Third_Party/FatFs/src/option/ccsbcs.c **** /   855   Cyrillic
  13:Middlewares/Third_Party/FatFs/src/option/ccsbcs.c **** /   857   Turkish
  14:Middlewares/Third_Party/FatFs/src/option/ccsbcs.c **** /   860   Portuguese
  15:Middlewares/Third_Party/FatFs/src/option/ccsbcs.c **** /   861   Icelandic
  16:Middlewares/Third_Party/FatFs/src/option/ccsbcs.c **** /   862   Hebrew
  17:Middlewares/Third_Party/FatFs/src/option/ccsbcs.c **** /   863   Canadian French
  18:Middlewares/Third_Party/FatFs/src/option/ccsbcs.c **** /   864   Arabic
  19:Middlewares/Third_Party/FatFs/src/option/ccsbcs.c **** /   865   Nordic
  20:Middlewares/Third_Party/FatFs/src/option/ccsbcs.c **** /   866   Russian
  21:Middlewares/Third_Party/FatFs/src/option/ccsbcs.c **** /   869   Greek 2
  22:Middlewares/Third_Party/FatFs/src/option/ccsbcs.c **** */
  23:Middlewares/Third_Party/FatFs/src/option/ccsbcs.c **** 
  24:Middlewares/Third_Party/FatFs/src/option/ccsbcs.c **** #include "../ff.h"
  25:Middlewares/Third_Party/FatFs/src/option/ccsbcs.c **** 
  26:Middlewares/Third_Party/FatFs/src/option/ccsbcs.c **** 
  27:Middlewares/Third_Party/FatFs/src/option/ccsbcs.c **** #if _CODE_PAGE == 437
  28:Middlewares/Third_Party/FatFs/src/option/ccsbcs.c **** #define _TBLDEF 1
  29:Middlewares/Third_Party/FatFs/src/option/ccsbcs.c **** static
ARM GAS  /var/folders/fz/x0kldt2j7vs_j4slv3pyc44m0000gp/T//ccRaPmjQ.s 			page 2


  30:Middlewares/Third_Party/FatFs/src/option/ccsbcs.c **** const WCHAR Tbl[] = {	/*  CP437(0x80-0xFF) to Unicode conversion table */
  31:Middlewares/Third_Party/FatFs/src/option/ccsbcs.c **** 	0x00C7, 0x00FC, 0x00E9, 0x00E2, 0x00E4, 0x00E0, 0x00E5, 0x00E7, 0x00EA, 0x00EB, 0x00E8, 0x00EF, 0x
  32:Middlewares/Third_Party/FatFs/src/option/ccsbcs.c **** 	0x00C9, 0x00E6, 0x00C6, 0x00F4, 0x00F6, 0x00F2, 0x00FB, 0x00F9, 0x00FF, 0x00D6, 0x00DC, 0x00A2, 0x
  33:Middlewares/Third_Party/FatFs/src/option/ccsbcs.c **** 	0x00E1, 0x00ED, 0x00F3, 0x00FA, 0x00F1, 0x00D1, 0x00AA, 0x00BA, 0x00BF, 0x2310, 0x00AC, 0x00BD, 0x
  34:Middlewares/Third_Party/FatFs/src/option/ccsbcs.c **** 	0x2591, 0x2592, 0x2593, 0x2502, 0x2524, 0x2561, 0x2562, 0x2556, 0x2555, 0x2563, 0x2551, 0x2557, 0x
  35:Middlewares/Third_Party/FatFs/src/option/ccsbcs.c **** 	0x2514, 0x2534, 0x252C, 0x251C, 0x2500, 0x253C, 0x255E, 0x255F, 0x255A, 0x2554, 0x2569, 0x2566, 0x
  36:Middlewares/Third_Party/FatFs/src/option/ccsbcs.c **** 	0x2568, 0x2564, 0x2565, 0x2559, 0x2558, 0x2552, 0x2553, 0x256B, 0x256A, 0x2518, 0x250C, 0x2588, 0x
  37:Middlewares/Third_Party/FatFs/src/option/ccsbcs.c **** 	0x03B1, 0x00DF, 0x0393, 0x03C0, 0x03A3, 0x03C3, 0x00B5, 0x03C4, 0x03A6, 0x0398, 0x03A9, 0x03B4, 0x
  38:Middlewares/Third_Party/FatFs/src/option/ccsbcs.c **** 	0x2261, 0x00B1, 0x2265, 0x2264, 0x2320, 0x2321, 0x00F7, 0x2248, 0x00B0, 0x2219, 0x00B7, 0x221A, 0x
  39:Middlewares/Third_Party/FatFs/src/option/ccsbcs.c **** };
  40:Middlewares/Third_Party/FatFs/src/option/ccsbcs.c **** 
  41:Middlewares/Third_Party/FatFs/src/option/ccsbcs.c **** #elif _CODE_PAGE == 720
  42:Middlewares/Third_Party/FatFs/src/option/ccsbcs.c **** #define _TBLDEF 1
  43:Middlewares/Third_Party/FatFs/src/option/ccsbcs.c **** static
  44:Middlewares/Third_Party/FatFs/src/option/ccsbcs.c **** const WCHAR Tbl[] = {	/*  CP720(0x80-0xFF) to Unicode conversion table */
  45:Middlewares/Third_Party/FatFs/src/option/ccsbcs.c **** 	0x0000, 0x0000, 0x00E9, 0x00E2, 0x0000, 0x00E0, 0x0000, 0x00E7, 0x00EA, 0x00EB, 0x00E8, 0x00EF, 0x
  46:Middlewares/Third_Party/FatFs/src/option/ccsbcs.c **** 	0x0000, 0x0651, 0x0652, 0x00F4, 0x00A4, 0x0640, 0x00FB, 0x00F9, 0x0621, 0x0622, 0x0623, 0x0624, 0x
  47:Middlewares/Third_Party/FatFs/src/option/ccsbcs.c **** 	0x0628, 0x0629, 0x062A, 0x062B, 0x062C, 0x062D, 0x062E, 0x062F, 0x0630, 0x0631, 0x0632, 0x0633, 0x
  48:Middlewares/Third_Party/FatFs/src/option/ccsbcs.c **** 	0x2591, 0x2592, 0x2593, 0x2502, 0x2524, 0x2561, 0x2562, 0x2556, 0x2555, 0x2563, 0x2551, 0x2557, 0x
  49:Middlewares/Third_Party/FatFs/src/option/ccsbcs.c **** 	0x2514, 0x2534, 0x252C, 0x251C, 0x2500, 0x253C, 0x255E, 0x255F, 0x255A, 0x2554, 0x2569, 0x2566, 0x
  50:Middlewares/Third_Party/FatFs/src/option/ccsbcs.c **** 	0x2568, 0x2564, 0x2565, 0x2559, 0x2558, 0x2552, 0x2553, 0x256B, 0x256A, 0x2518, 0x250C, 0x2588, 0x
  51:Middlewares/Third_Party/FatFs/src/option/ccsbcs.c **** 	0x0636, 0x0637, 0x0638, 0x0639, 0x063A, 0x0641, 0x00B5, 0x0642, 0x0643, 0x0644, 0x0645, 0x0646, 0x
  52:Middlewares/Third_Party/FatFs/src/option/ccsbcs.c **** 	0x2261, 0x064B, 0x064C, 0x064D, 0x064E, 0x064F, 0x0650, 0x2248, 0x00B0, 0x2219, 0x00B7, 0x221A, 0x
  53:Middlewares/Third_Party/FatFs/src/option/ccsbcs.c **** };
  54:Middlewares/Third_Party/FatFs/src/option/ccsbcs.c **** 
  55:Middlewares/Third_Party/FatFs/src/option/ccsbcs.c **** #elif _CODE_PAGE == 737
  56:Middlewares/Third_Party/FatFs/src/option/ccsbcs.c **** #define _TBLDEF 1
  57:Middlewares/Third_Party/FatFs/src/option/ccsbcs.c **** static
  58:Middlewares/Third_Party/FatFs/src/option/ccsbcs.c **** const WCHAR Tbl[] = {	/*  CP737(0x80-0xFF) to Unicode conversion table */
  59:Middlewares/Third_Party/FatFs/src/option/ccsbcs.c **** 	0x0391, 0x0392, 0x0393, 0x0394, 0x0395, 0x0396, 0x0397, 0x0398, 0x0399, 0x039A, 0x039B, 0x039C, 0x
  60:Middlewares/Third_Party/FatFs/src/option/ccsbcs.c **** 	0x03A1, 0x03A3, 0x03A4, 0x03A5, 0x03A6, 0x03A7, 0x03A8, 0x03A9, 0x03B1, 0x03B2, 0x03B3, 0x03B4, 0x
  61:Middlewares/Third_Party/FatFs/src/option/ccsbcs.c **** 	0x03B9, 0x03BA, 0x03BB, 0x03BC, 0x03BD, 0x03BE, 0x03BF, 0x03C0, 0x03C1, 0x03C3, 0x03C2, 0x03C4, 0x
  62:Middlewares/Third_Party/FatFs/src/option/ccsbcs.c **** 	0x2591, 0x2592, 0x2593, 0x2502, 0x2524, 0x2561, 0x2562, 0x2556, 0x2555, 0x2563, 0x2551, 0x2557, 0x
  63:Middlewares/Third_Party/FatFs/src/option/ccsbcs.c **** 	0x2514, 0x2534, 0x252C, 0x251C, 0x2500, 0x253C, 0x255E, 0x255F, 0x255A, 0x2554, 0x2569, 0x2566, 0x
  64:Middlewares/Third_Party/FatFs/src/option/ccsbcs.c **** 	0x2568, 0x2564, 0x2565, 0x2559, 0x2558, 0x2552, 0x2553, 0x256B, 0x256A, 0x2518, 0x250C, 0x2588, 0x
  65:Middlewares/Third_Party/FatFs/src/option/ccsbcs.c **** 	0x03C9, 0x03AC, 0x03AD, 0x03AE, 0x03CA, 0x03AF, 0x03CC, 0x03CD, 0x03CB, 0x03CE, 0x0386, 0x0388, 0x
  66:Middlewares/Third_Party/FatFs/src/option/ccsbcs.c **** 	0x038F, 0x00B1, 0x2265, 0x2264, 0x03AA, 0x03AB, 0x00F7, 0x2248, 0x00B0, 0x2219, 0x00B7, 0x221A, 0x
  67:Middlewares/Third_Party/FatFs/src/option/ccsbcs.c **** };
  68:Middlewares/Third_Party/FatFs/src/option/ccsbcs.c **** 
  69:Middlewares/Third_Party/FatFs/src/option/ccsbcs.c **** #elif _CODE_PAGE == 771
  70:Middlewares/Third_Party/FatFs/src/option/ccsbcs.c **** #define _TBLDEF 1
  71:Middlewares/Third_Party/FatFs/src/option/ccsbcs.c **** static
  72:Middlewares/Third_Party/FatFs/src/option/ccsbcs.c **** const WCHAR Tbl[] = {	/*  CP771(0x80-0xFF) to Unicode conversion table */
  73:Middlewares/Third_Party/FatFs/src/option/ccsbcs.c **** 	0x0410, 0x0411, 0x0412, 0x0413, 0x0414, 0x0415, 0x0416, 0x0417, 0x0418, 0x0419, 0x041A, 0x041B, 0x
  74:Middlewares/Third_Party/FatFs/src/option/ccsbcs.c **** 	0x0420, 0x0421, 0x0422, 0x0423, 0x0424, 0x0425, 0x0426, 0x0427, 0x0428, 0x0429, 0x042A, 0x042B, 0x
  75:Middlewares/Third_Party/FatFs/src/option/ccsbcs.c **** 	0x0430, 0x0431, 0x0432, 0x0433, 0x0434, 0x0435, 0x0436, 0x0437, 0x0438, 0x0439, 0x043A, 0x043B, 0x
  76:Middlewares/Third_Party/FatFs/src/option/ccsbcs.c **** 	0x2591, 0x2592, 0x2593, 0x2502, 0x2524, 0x2561, 0x2562, 0x2556, 0x2555, 0x2563, 0x2551, 0x2557, 0x
  77:Middlewares/Third_Party/FatFs/src/option/ccsbcs.c **** 	0x2514, 0x2534, 0x252C, 0x251C, 0x2500, 0x253C, 0x255E, 0x255F, 0x255A, 0x2554, 0x2569, 0x2566, 0x
  78:Middlewares/Third_Party/FatFs/src/option/ccsbcs.c **** 	0x2568, 0x2564, 0x2565, 0x2559, 0x2558, 0x2552, 0x2553, 0x256B, 0x256A, 0x2518, 0x250C, 0x2588, 0x
  79:Middlewares/Third_Party/FatFs/src/option/ccsbcs.c **** 	0x0440, 0x0441, 0x0442, 0x0443, 0x0444, 0x0445, 0x0446, 0x0447, 0x0448, 0x0449, 0x044A, 0x044B, 0x
  80:Middlewares/Third_Party/FatFs/src/option/ccsbcs.c **** 	0x0118, 0x0119, 0x0116, 0x0117, 0x012E, 0x012F, 0x0160, 0x0161, 0x0172, 0x0173, 0x016A, 0x016B, 0x
  81:Middlewares/Third_Party/FatFs/src/option/ccsbcs.c **** };
  82:Middlewares/Third_Party/FatFs/src/option/ccsbcs.c **** 
  83:Middlewares/Third_Party/FatFs/src/option/ccsbcs.c **** #elif _CODE_PAGE == 775
  84:Middlewares/Third_Party/FatFs/src/option/ccsbcs.c **** #define _TBLDEF 1
  85:Middlewares/Third_Party/FatFs/src/option/ccsbcs.c **** static
  86:Middlewares/Third_Party/FatFs/src/option/ccsbcs.c **** const WCHAR Tbl[] = {	/*  CP775(0x80-0xFF) to Unicode conversion table */
ARM GAS  /var/folders/fz/x0kldt2j7vs_j4slv3pyc44m0000gp/T//ccRaPmjQ.s 			page 3


  87:Middlewares/Third_Party/FatFs/src/option/ccsbcs.c **** 	0x0106, 0x00FC, 0x00E9, 0x0101, 0x00E4, 0x0123, 0x00E5, 0x0107, 0x0142, 0x0113, 0x0156, 0x0157, 0x
  88:Middlewares/Third_Party/FatFs/src/option/ccsbcs.c **** 	0x00C9, 0x00E6, 0x00C6, 0x014D, 0x00F6, 0x0122, 0x00A2, 0x015A, 0x015B, 0x00D6, 0x00DC, 0x00F8, 0x
  89:Middlewares/Third_Party/FatFs/src/option/ccsbcs.c **** 	0x0100, 0x012A, 0x00F3, 0x017B, 0x017C, 0x017A, 0x201D, 0x00A6, 0x00A9, 0x00AE, 0x00AC, 0x00BD, 0x
  90:Middlewares/Third_Party/FatFs/src/option/ccsbcs.c **** 	0x2591, 0x2592, 0x2593, 0x2502, 0x2524, 0x0104, 0x010C, 0x0118, 0x0116, 0x2563, 0x2551, 0x2557, 0x
  91:Middlewares/Third_Party/FatFs/src/option/ccsbcs.c **** 	0x2514, 0x2534, 0x252C, 0x251C, 0x2500, 0x253C, 0x0172, 0x016A, 0x255A, 0x2554, 0x2569, 0x2566, 0x
  92:Middlewares/Third_Party/FatFs/src/option/ccsbcs.c **** 	0x0105, 0x010D, 0x0119, 0x0117, 0x012F, 0x0161, 0x0173, 0x016B, 0x017E, 0x2518, 0x250C, 0x2588, 0x
  93:Middlewares/Third_Party/FatFs/src/option/ccsbcs.c **** 	0x00D3, 0x00DF, 0x014C, 0x0143, 0x00F5, 0x00D5, 0x00B5, 0x0144, 0x0136, 0x0137, 0x013B, 0x013C, 0x
  94:Middlewares/Third_Party/FatFs/src/option/ccsbcs.c **** 	0x00AD, 0x00B1, 0x201C, 0x00BE, 0x00B6, 0x00A7, 0x00F7, 0x201E, 0x00B0, 0x2219, 0x00B7, 0x00B9, 0x
  95:Middlewares/Third_Party/FatFs/src/option/ccsbcs.c **** };
  96:Middlewares/Third_Party/FatFs/src/option/ccsbcs.c **** 
  97:Middlewares/Third_Party/FatFs/src/option/ccsbcs.c **** #elif _CODE_PAGE == 850
  98:Middlewares/Third_Party/FatFs/src/option/ccsbcs.c **** #define _TBLDEF 1
  99:Middlewares/Third_Party/FatFs/src/option/ccsbcs.c **** static
 100:Middlewares/Third_Party/FatFs/src/option/ccsbcs.c **** const WCHAR Tbl[] = {	/*  CP850(0x80-0xFF) to Unicode conversion table */
 101:Middlewares/Third_Party/FatFs/src/option/ccsbcs.c **** 	0x00C7, 0x00FC, 0x00E9, 0x00E2, 0x00E4, 0x00E0, 0x00E5, 0x00E7, 0x00EA, 0x00EB, 0x00E8, 0x00EF, 0x
 102:Middlewares/Third_Party/FatFs/src/option/ccsbcs.c **** 	0x00C9, 0x00E6, 0x00C6, 0x00F4, 0x00F6, 0x00F2, 0x00FB, 0x00F9, 0x00FF, 0x00D6, 0x00DC, 0x00F8, 0x
 103:Middlewares/Third_Party/FatFs/src/option/ccsbcs.c **** 	0x00E1, 0x00ED, 0x00F3, 0x00FA, 0x00F1, 0x00D1, 0x00AA, 0x00BA, 0x00BF, 0x00AE, 0x00AC, 0x00BD, 0x
 104:Middlewares/Third_Party/FatFs/src/option/ccsbcs.c **** 	0x2591, 0x2592, 0x2593, 0x2502, 0x2524, 0x00C1, 0x00C2, 0x00C0, 0x00A9, 0x2563, 0x2551, 0x2557, 0x
 105:Middlewares/Third_Party/FatFs/src/option/ccsbcs.c **** 	0x2514, 0x2534, 0x252C, 0x251C, 0x2500, 0x253C, 0x00E3, 0x00C3, 0x255A, 0x2554, 0x2569, 0x2566, 0x
 106:Middlewares/Third_Party/FatFs/src/option/ccsbcs.c **** 	0x00F0, 0x00D0, 0x00CA, 0x00CB, 0x00C8, 0x0131, 0x00CD, 0x00CE, 0x00CF, 0x2518, 0x250C, 0x2588, 0x
 107:Middlewares/Third_Party/FatFs/src/option/ccsbcs.c **** 	0x00D3, 0x00DF, 0x00D4, 0x00D2, 0x00F5, 0x00D5, 0x00B5, 0x00FE, 0x00DE, 0x00DA, 0x00DB, 0x00D9, 0x
 108:Middlewares/Third_Party/FatFs/src/option/ccsbcs.c **** 	0x00AD, 0x00B1, 0x2017, 0x00BE, 0x00B6, 0x00A7, 0x00F7, 0x00B8, 0x00B0, 0x00A8, 0x00B7, 0x00B9, 0x
 109:Middlewares/Third_Party/FatFs/src/option/ccsbcs.c **** };
 110:Middlewares/Third_Party/FatFs/src/option/ccsbcs.c **** 
 111:Middlewares/Third_Party/FatFs/src/option/ccsbcs.c **** #elif _CODE_PAGE == 852
 112:Middlewares/Third_Party/FatFs/src/option/ccsbcs.c **** #define _TBLDEF 1
 113:Middlewares/Third_Party/FatFs/src/option/ccsbcs.c **** static
 114:Middlewares/Third_Party/FatFs/src/option/ccsbcs.c **** const WCHAR Tbl[] = {	/*  CP852(0x80-0xFF) to Unicode conversion table */
 115:Middlewares/Third_Party/FatFs/src/option/ccsbcs.c **** 	0x00C7, 0x00FC, 0x00E9, 0x00E2, 0x00E4, 0x016F, 0x0107, 0x00E7, 0x0142, 0x00EB, 0x0150, 0x0151, 0x
 116:Middlewares/Third_Party/FatFs/src/option/ccsbcs.c **** 	0x00C9, 0x0139, 0x013A, 0x00F4, 0x00F6, 0x013D, 0x013E, 0x015A, 0x015B, 0x00D6, 0x00DC, 0x0164, 0x
 117:Middlewares/Third_Party/FatFs/src/option/ccsbcs.c **** 	0x00E1, 0x00ED, 0x00F3, 0x00FA, 0x0104, 0x0105, 0x017D, 0x017E, 0x0118, 0x0119, 0x00AC, 0x017A, 0x
 118:Middlewares/Third_Party/FatFs/src/option/ccsbcs.c **** 	0x2591, 0x2592, 0x2593, 0x2502, 0x2524, 0x00C1, 0x00C2, 0x011A, 0x015E, 0x2563, 0x2551, 0x2557, 0x
 119:Middlewares/Third_Party/FatFs/src/option/ccsbcs.c **** 	0x2514, 0x2534, 0x252C, 0x251C, 0x2500, 0x253C, 0x0102, 0x0103, 0x255A, 0x2554, 0x2569, 0x2566, 0x
 120:Middlewares/Third_Party/FatFs/src/option/ccsbcs.c **** 	0x0111, 0x0110, 0x010E, 0x00CB, 0x010F, 0x0147, 0x00CD, 0x00CE, 0x011B, 0x2518, 0x250C, 0x2588, 0x
 121:Middlewares/Third_Party/FatFs/src/option/ccsbcs.c **** 	0x00D3, 0x00DF, 0x00D4, 0x0143, 0x0144, 0x0148, 0x0160, 0x0161, 0x0154, 0x00DA, 0x0155, 0x0170, 0x
 122:Middlewares/Third_Party/FatFs/src/option/ccsbcs.c **** 	0x00AD, 0x02DD, 0x02DB, 0x02C7, 0x02D8, 0x00A7, 0x00F7, 0x00B8, 0x00B0, 0x00A8, 0x02D9, 0x0171, 0x
 123:Middlewares/Third_Party/FatFs/src/option/ccsbcs.c **** };
 124:Middlewares/Third_Party/FatFs/src/option/ccsbcs.c **** 
 125:Middlewares/Third_Party/FatFs/src/option/ccsbcs.c **** #elif _CODE_PAGE == 855
 126:Middlewares/Third_Party/FatFs/src/option/ccsbcs.c **** #define _TBLDEF 1
 127:Middlewares/Third_Party/FatFs/src/option/ccsbcs.c **** static
 128:Middlewares/Third_Party/FatFs/src/option/ccsbcs.c **** const WCHAR Tbl[] = {	/*  CP855(0x80-0xFF) to Unicode conversion table */
 129:Middlewares/Third_Party/FatFs/src/option/ccsbcs.c **** 	0x0452, 0x0402, 0x0453, 0x0403, 0x0451, 0x0401, 0x0454, 0x0404, 0x0455, 0x0405, 0x0456, 0x0406, 0x
 130:Middlewares/Third_Party/FatFs/src/option/ccsbcs.c **** 	0x0459, 0x0409, 0x045A, 0x040A, 0x045B, 0x040B, 0x045C, 0x040C, 0x045E, 0x040E, 0x045F, 0x040F, 0x
 131:Middlewares/Third_Party/FatFs/src/option/ccsbcs.c **** 	0x0430, 0x0410, 0x0431, 0x0411, 0x0446, 0x0426, 0x0434, 0x0414, 0x0435, 0x0415, 0x0444, 0x0424, 0x
 132:Middlewares/Third_Party/FatFs/src/option/ccsbcs.c **** 	0x2591, 0x2592, 0x2593, 0x2502, 0x2524, 0x0445, 0x0425, 0x0438, 0x0418, 0x2563, 0x2551, 0x2557, 0x
 133:Middlewares/Third_Party/FatFs/src/option/ccsbcs.c **** 	0x2514, 0x2534, 0x252C, 0x251C, 0x2500, 0x253C, 0x043A, 0x041A, 0x255A, 0x2554, 0x2569, 0x2566, 0x
 134:Middlewares/Third_Party/FatFs/src/option/ccsbcs.c **** 	0x043B, 0x041B, 0x043C, 0x041C, 0x043D, 0x041D, 0x043E, 0x041E, 0x043F, 0x2518, 0x250C, 0x2588, 0x
 135:Middlewares/Third_Party/FatFs/src/option/ccsbcs.c **** 	0x042F, 0x0440, 0x0420, 0x0441, 0x0421, 0x0442, 0x0422, 0x0443, 0x0423, 0x0436, 0x0416, 0x0432, 0x
 136:Middlewares/Third_Party/FatFs/src/option/ccsbcs.c **** 	0x00AD, 0x044B, 0x042B, 0x0437, 0x0417, 0x0448, 0x0428, 0x044D, 0x042D, 0x0449, 0x0429, 0x0447, 0x
 137:Middlewares/Third_Party/FatFs/src/option/ccsbcs.c **** };
 138:Middlewares/Third_Party/FatFs/src/option/ccsbcs.c **** 
 139:Middlewares/Third_Party/FatFs/src/option/ccsbcs.c **** #elif _CODE_PAGE == 857
 140:Middlewares/Third_Party/FatFs/src/option/ccsbcs.c **** #define _TBLDEF 1
 141:Middlewares/Third_Party/FatFs/src/option/ccsbcs.c **** static
 142:Middlewares/Third_Party/FatFs/src/option/ccsbcs.c **** const WCHAR Tbl[] = {	/*  CP857(0x80-0xFF) to Unicode conversion table */
 143:Middlewares/Third_Party/FatFs/src/option/ccsbcs.c **** 	0x00C7, 0x00FC, 0x00E9, 0x00E2, 0x00E4, 0x00E0, 0x00E5, 0x00E7, 0x00EA, 0x00EB, 0x00E8, 0x00EF, 0x
ARM GAS  /var/folders/fz/x0kldt2j7vs_j4slv3pyc44m0000gp/T//ccRaPmjQ.s 			page 4


 144:Middlewares/Third_Party/FatFs/src/option/ccsbcs.c **** 	0x00C9, 0x00E6, 0x00C6, 0x00F4, 0x00F6, 0x00F2, 0x00FB, 0x00F9, 0x0130, 0x00D6, 0x00DC, 0x00F8, 0x
 145:Middlewares/Third_Party/FatFs/src/option/ccsbcs.c **** 	0x00E1, 0x00ED, 0x00F3, 0x00FA, 0x00F1, 0x00D1, 0x011E, 0x011F, 0x00BF, 0x00AE, 0x00AC, 0x00BD, 0x
 146:Middlewares/Third_Party/FatFs/src/option/ccsbcs.c **** 	0x2591, 0x2592, 0x2593, 0x2502, 0x2524, 0x00C1, 0x00C2, 0x00C0, 0x00A9, 0x2563, 0x2551, 0x2557, 0x
 147:Middlewares/Third_Party/FatFs/src/option/ccsbcs.c **** 	0x2514, 0x2534, 0x252C, 0x251C, 0x2500, 0x253C, 0x00E3, 0x00C3, 0x255A, 0x2554, 0x2569, 0x2566, 0x
 148:Middlewares/Third_Party/FatFs/src/option/ccsbcs.c **** 	0x00BA, 0x00AA, 0x00CA, 0x00CB, 0x00C8, 0x0000, 0x00CD, 0x00CE, 0x00CF, 0x2518, 0x250C, 0x2588, 0x
 149:Middlewares/Third_Party/FatFs/src/option/ccsbcs.c **** 	0x00D3, 0x00DF, 0x00D4, 0x00D2, 0x00F5, 0x00D5, 0x00B5, 0x0000, 0x00D7, 0x00DA, 0x00DB, 0x00D9, 0x
 150:Middlewares/Third_Party/FatFs/src/option/ccsbcs.c **** 	0x00AD, 0x00B1, 0x0000, 0x00BE, 0x00B6, 0x00A7, 0x00F7, 0x00B8, 0x00B0, 0x00A8, 0x00B7, 0x00B9, 0x
 151:Middlewares/Third_Party/FatFs/src/option/ccsbcs.c **** };
 152:Middlewares/Third_Party/FatFs/src/option/ccsbcs.c **** 
 153:Middlewares/Third_Party/FatFs/src/option/ccsbcs.c **** #elif _CODE_PAGE == 860
 154:Middlewares/Third_Party/FatFs/src/option/ccsbcs.c **** #define _TBLDEF 1
 155:Middlewares/Third_Party/FatFs/src/option/ccsbcs.c **** static
 156:Middlewares/Third_Party/FatFs/src/option/ccsbcs.c **** const WCHAR Tbl[] = {	/*  CP860(0x80-0xFF) to Unicode conversion table */
 157:Middlewares/Third_Party/FatFs/src/option/ccsbcs.c **** 	0x00C7, 0x00FC, 0x00E9, 0x00E2, 0x00E3, 0x00E0, 0x00C1, 0x00E7, 0x00EA, 0x00CA, 0x00E8, 0x00CD, 0x
 158:Middlewares/Third_Party/FatFs/src/option/ccsbcs.c **** 	0x00C9, 0x00C0, 0x00C8, 0x00F4, 0x00F5, 0x00F2, 0x00DA, 0x00F9, 0x00CC, 0x00D5, 0x00DC, 0x00A2, 0x
 159:Middlewares/Third_Party/FatFs/src/option/ccsbcs.c **** 	0x00E1, 0x00ED, 0x00F3, 0x00FA, 0x00F1, 0x00D1, 0x00AA, 0x00BA, 0x00BF, 0x00D2, 0x00AC, 0x00BD, 0x
 160:Middlewares/Third_Party/FatFs/src/option/ccsbcs.c **** 	0x2591, 0x2592, 0x2593, 0x2502, 0x2524, 0x2561, 0x2562, 0x2556, 0x2555, 0x2563, 0x2551, 0x2557, 0x
 161:Middlewares/Third_Party/FatFs/src/option/ccsbcs.c **** 	0x2514, 0x2534, 0x252C, 0x251C, 0x2500, 0x253C, 0x255E, 0x255F, 0x255A, 0x2554, 0x2569, 0x2566, 0x
 162:Middlewares/Third_Party/FatFs/src/option/ccsbcs.c **** 	0x2568, 0x2564, 0x2565, 0x2559, 0x2558, 0x2552, 0x2553, 0x256B, 0x256A, 0x2518, 0x250C, 0x2588, 0x
 163:Middlewares/Third_Party/FatFs/src/option/ccsbcs.c **** 	0x03B1, 0x00DF, 0x0393, 0x03C0, 0x03A3, 0x03C3, 0x00B5, 0x03C4, 0x03A6, 0x0398, 0x03A9, 0x03B4, 0x
 164:Middlewares/Third_Party/FatFs/src/option/ccsbcs.c **** 	0x2261, 0x00B1, 0x2265, 0x2264, 0x2320, 0x2321, 0x00F7, 0x2248, 0x00B0, 0x2219, 0x00B7, 0x221A, 0x
 165:Middlewares/Third_Party/FatFs/src/option/ccsbcs.c **** };
 166:Middlewares/Third_Party/FatFs/src/option/ccsbcs.c **** 
 167:Middlewares/Third_Party/FatFs/src/option/ccsbcs.c **** #elif _CODE_PAGE == 861
 168:Middlewares/Third_Party/FatFs/src/option/ccsbcs.c **** #define _TBLDEF 1
 169:Middlewares/Third_Party/FatFs/src/option/ccsbcs.c **** static
 170:Middlewares/Third_Party/FatFs/src/option/ccsbcs.c **** const WCHAR Tbl[] = {	/*  CP861(0x80-0xFF) to Unicode conversion table */
 171:Middlewares/Third_Party/FatFs/src/option/ccsbcs.c **** 	0x00C7, 0x00FC, 0x00E9, 0x00E2, 0x00E4, 0x00E0, 0x00E6, 0x00E7, 0x00EA, 0x00EB, 0x00E8, 0x00D0, 0x
 172:Middlewares/Third_Party/FatFs/src/option/ccsbcs.c **** 	0x00C9, 0x00E6, 0x00C6, 0x00F4, 0x00F6, 0x00FE, 0x00FB, 0x00DD, 0x00FD, 0x00D6, 0x00DC, 0x00F8, 0x
 173:Middlewares/Third_Party/FatFs/src/option/ccsbcs.c **** 	0x00E1, 0x00ED, 0x00F3, 0x00FA, 0x00C1, 0x00CD, 0x00D3, 0x00DA, 0x00BF, 0x2310, 0x00AC, 0x00BD, 0x
 174:Middlewares/Third_Party/FatFs/src/option/ccsbcs.c **** 	0x2591, 0x2592, 0x2593, 0x2502, 0x2524, 0x2561, 0x2562, 0x2556, 0x2555, 0x2563, 0x2551, 0x2557, 0x
 175:Middlewares/Third_Party/FatFs/src/option/ccsbcs.c **** 	0x2514, 0x2534, 0x252C, 0x251C, 0x2500, 0x253C, 0x255E, 0x255F, 0x255A, 0x2554, 0x2569, 0x2566, 0x
 176:Middlewares/Third_Party/FatFs/src/option/ccsbcs.c **** 	0x2568, 0x2564, 0x2565, 0x2559, 0x2558, 0x2552, 0x2553, 0x256B, 0x256A, 0x2518, 0x250C, 0x2588, 0x
 177:Middlewares/Third_Party/FatFs/src/option/ccsbcs.c **** 	0x03B1, 0x00DF, 0x0393, 0x03C0, 0x03A3, 0x03C3, 0x00B5, 0x03C4, 0x03A6, 0x0398, 0x03A9, 0x03B4, 0x
 178:Middlewares/Third_Party/FatFs/src/option/ccsbcs.c **** 	0x2261, 0x00B1, 0x2265, 0x2264, 0x2320, 0x2321, 0x00F7, 0x2248, 0x00B0, 0x2219, 0x00B7, 0x221A, 0x
 179:Middlewares/Third_Party/FatFs/src/option/ccsbcs.c **** };
 180:Middlewares/Third_Party/FatFs/src/option/ccsbcs.c **** 
 181:Middlewares/Third_Party/FatFs/src/option/ccsbcs.c **** #elif _CODE_PAGE == 862
 182:Middlewares/Third_Party/FatFs/src/option/ccsbcs.c **** #define _TBLDEF 1
 183:Middlewares/Third_Party/FatFs/src/option/ccsbcs.c **** static
 184:Middlewares/Third_Party/FatFs/src/option/ccsbcs.c **** const WCHAR Tbl[] = {	/*  CP862(0x80-0xFF) to Unicode conversion table */
 185:Middlewares/Third_Party/FatFs/src/option/ccsbcs.c **** 	0x05D0, 0x05D1, 0x05D2, 0x05D3, 0x05D4, 0x05D5, 0x05D6, 0x05D7, 0x05D8, 0x05D9, 0x05DA, 0x05DB, 0x
 186:Middlewares/Third_Party/FatFs/src/option/ccsbcs.c **** 	0x05E0, 0x05E1, 0x05E2, 0x05E3, 0x05E4, 0x05E5, 0x05E6, 0x05E7, 0x05E8, 0x05E9, 0x05EA, 0x00A2, 0x
 187:Middlewares/Third_Party/FatFs/src/option/ccsbcs.c **** 	0x00E1, 0x00ED, 0x00F3, 0x00FA, 0x00F1, 0x00D1, 0x00AA, 0x00BA, 0x00BF, 0x2310, 0x00AC, 0x00BD, 0x
 188:Middlewares/Third_Party/FatFs/src/option/ccsbcs.c **** 	0x2591, 0x2592, 0x2593, 0x2502, 0x2524, 0x2561, 0x2562, 0x2556, 0x2555, 0x2563, 0x2551, 0x2557, 0x
 189:Middlewares/Third_Party/FatFs/src/option/ccsbcs.c **** 	0x2514, 0x2534, 0x252C, 0x251C, 0x2500, 0x253C, 0x255E, 0x255F, 0x255A, 0x2554, 0x2569, 0x2566, 0x
 190:Middlewares/Third_Party/FatFs/src/option/ccsbcs.c **** 	0x2568, 0x2564, 0x2565, 0x2559, 0x2558, 0x2552, 0x2553, 0x256B, 0x256A, 0x2518, 0x250C, 0x2588, 0x
 191:Middlewares/Third_Party/FatFs/src/option/ccsbcs.c **** 	0x03B1, 0x00DF, 0x0393, 0x03C0, 0x03A3, 0x03C3, 0x00B5, 0x03C4, 0x03A6, 0x0398, 0x03A9, 0x03B4, 0x
 192:Middlewares/Third_Party/FatFs/src/option/ccsbcs.c **** 	0x2261, 0x00B1, 0x2265, 0x2264, 0x2320, 0x2321, 0x00F7, 0x2248, 0x00B0, 0x2219, 0x00B7, 0x221A, 0x
 193:Middlewares/Third_Party/FatFs/src/option/ccsbcs.c **** };
 194:Middlewares/Third_Party/FatFs/src/option/ccsbcs.c **** 
 195:Middlewares/Third_Party/FatFs/src/option/ccsbcs.c **** #elif _CODE_PAGE == 863
 196:Middlewares/Third_Party/FatFs/src/option/ccsbcs.c **** #define _TBLDEF 1
 197:Middlewares/Third_Party/FatFs/src/option/ccsbcs.c **** static
 198:Middlewares/Third_Party/FatFs/src/option/ccsbcs.c **** const WCHAR Tbl[] = {	/*  CP863(0x80-0xFF) to Unicode conversion table */
 199:Middlewares/Third_Party/FatFs/src/option/ccsbcs.c **** 	0x00C7, 0x00FC, 0x00E9, 0x00E2, 0x00C2, 0x00E0, 0x00B6, 0x00E7, 0x00EA, 0x00EB, 0x00E8, 0x00EF, 0x
 200:Middlewares/Third_Party/FatFs/src/option/ccsbcs.c **** 	0x00C9, 0x00C8, 0x00CA, 0x00F4, 0x00CB, 0x00CF, 0x00FB, 0x00F9, 0x00A4, 0x00D4, 0x00DC, 0x00A2, 0x
ARM GAS  /var/folders/fz/x0kldt2j7vs_j4slv3pyc44m0000gp/T//ccRaPmjQ.s 			page 5


 201:Middlewares/Third_Party/FatFs/src/option/ccsbcs.c **** 	0x00A6, 0x00B4, 0x00F3, 0x00FA, 0x00A8, 0x00BB, 0x00B3, 0x00AF, 0x00CE, 0x3210, 0x00AC, 0x00BD, 0x
 202:Middlewares/Third_Party/FatFs/src/option/ccsbcs.c **** 	0x2591, 0x2592, 0x2593, 0x2502, 0x2524, 0x2561, 0x2562, 0x2556, 0x2555, 0x2563, 0x2551, 0x2557, 0x
 203:Middlewares/Third_Party/FatFs/src/option/ccsbcs.c **** 	0x2514, 0x2534, 0x252C, 0x251C, 0x2500, 0x253C, 0x255E, 0x255F, 0x255A, 0x2554, 0x2569, 0x2566, 0x
 204:Middlewares/Third_Party/FatFs/src/option/ccsbcs.c **** 	0x2568, 0x2564, 0x2565, 0x2559, 0x2558, 0x2552, 0x2553, 0x256B, 0x256A, 0x2518, 0x250C, 0x2588, 0x
 205:Middlewares/Third_Party/FatFs/src/option/ccsbcs.c **** 	0x03B1, 0x00DF, 0x0393, 0x03C0, 0x03A3, 0x03C3, 0x00B5, 0x03C4, 0x03A6, 0x0398, 0x03A9, 0x03B4, 0x
 206:Middlewares/Third_Party/FatFs/src/option/ccsbcs.c **** 	0x2261, 0x00B1, 0x2265, 0x2264, 0x2320, 0x2321, 0x00F7, 0x2248, 0x00B0, 0x2219, 0x00B7, 0x221A, 0x
 207:Middlewares/Third_Party/FatFs/src/option/ccsbcs.c **** };
 208:Middlewares/Third_Party/FatFs/src/option/ccsbcs.c **** 
 209:Middlewares/Third_Party/FatFs/src/option/ccsbcs.c **** #elif _CODE_PAGE == 864
 210:Middlewares/Third_Party/FatFs/src/option/ccsbcs.c **** #define _TBLDEF 1
 211:Middlewares/Third_Party/FatFs/src/option/ccsbcs.c **** static
 212:Middlewares/Third_Party/FatFs/src/option/ccsbcs.c **** const WCHAR Tbl[] = {	/*  CP864(0x80-0xFF) to Unicode conversion table */
 213:Middlewares/Third_Party/FatFs/src/option/ccsbcs.c **** 	0x00B0, 0x00B7, 0x2219, 0x221A, 0x2592, 0x2500, 0x2502, 0x253C, 0x2524, 0x252C, 0x251C, 0x2534, 0x
 214:Middlewares/Third_Party/FatFs/src/option/ccsbcs.c **** 	0x03B2, 0x221E, 0x03C6, 0x00B1, 0x00BD, 0x00BC, 0x2248, 0x00AB, 0x00BB, 0xFEF7, 0xFEF8, 0x0000, 0x
 215:Middlewares/Third_Party/FatFs/src/option/ccsbcs.c **** 	0x00A0, 0x00AD, 0xFE82, 0x00A3, 0x00A4, 0xFE84, 0x0000, 0x20AC, 0xFE8E, 0xFE8F, 0xFE95, 0xFE99, 0x
 216:Middlewares/Third_Party/FatFs/src/option/ccsbcs.c **** 	0x0660, 0x0661, 0x0662, 0x0663, 0x0664, 0x0665, 0x0666, 0x0667, 0x0668, 0x0669, 0xFED1, 0x061B, 0x
 217:Middlewares/Third_Party/FatFs/src/option/ccsbcs.c **** 	0x00A2, 0xFE80, 0xFE81, 0xFE83, 0xFE85, 0xFECA, 0xFE8B, 0xFE8D, 0xFE91, 0xFE93, 0xFE97, 0xFE9B, 0x
 218:Middlewares/Third_Party/FatFs/src/option/ccsbcs.c **** 	0xFEAB, 0xFEAD, 0xFEAF, 0xFEB3, 0xFEB7, 0xFEBB, 0xFEBF, 0xFEC1, 0xFEC5, 0xFECB, 0xFECF, 0x00A6, 0x
 219:Middlewares/Third_Party/FatFs/src/option/ccsbcs.c **** 	0x0640, 0xFED3, 0xFED7, 0xFEDB, 0xFEDF, 0xFEE3, 0xFEE7, 0xFEEB, 0xFEED, 0xFEEF, 0xFEF3, 0xFEBD, 0x
 220:Middlewares/Third_Party/FatFs/src/option/ccsbcs.c **** 	0xFE7D, 0x0651, 0xFEE5, 0xFEE9, 0xFEEC, 0xFEF0, 0xFEF2, 0xFED0, 0xFED5, 0xFEF5, 0xFEF6, 0xFEDD, 0x
 221:Middlewares/Third_Party/FatFs/src/option/ccsbcs.c **** };
 222:Middlewares/Third_Party/FatFs/src/option/ccsbcs.c **** 
 223:Middlewares/Third_Party/FatFs/src/option/ccsbcs.c **** #elif _CODE_PAGE == 865
 224:Middlewares/Third_Party/FatFs/src/option/ccsbcs.c **** #define _TBLDEF 1
 225:Middlewares/Third_Party/FatFs/src/option/ccsbcs.c **** static
 226:Middlewares/Third_Party/FatFs/src/option/ccsbcs.c **** const WCHAR Tbl[] = {	/*  CP865(0x80-0xFF) to Unicode conversion table */
 227:Middlewares/Third_Party/FatFs/src/option/ccsbcs.c **** 	0x00C7, 0x00FC, 0x00E9, 0x00E2, 0x00E4, 0x00E0, 0x00E5, 0x00E7, 0x00EA, 0x00EB, 0x00E8, 0x00EF, 0x
 228:Middlewares/Third_Party/FatFs/src/option/ccsbcs.c **** 	0x00C5, 0x00E6, 0x00C6, 0x00F4, 0x00F6, 0x00F2, 0x00FB, 0x00F9, 0x00FF, 0x00D6, 0x00DC, 0x00F8, 0x
 229:Middlewares/Third_Party/FatFs/src/option/ccsbcs.c **** 	0x00E1, 0x00ED, 0x00F3, 0x00FA, 0x00F1, 0x00D1, 0x00AA, 0x00BA, 0x00BF, 0x2310, 0x00AC, 0x00BD, 0x
 230:Middlewares/Third_Party/FatFs/src/option/ccsbcs.c **** 	0x2591, 0x2592, 0x2593, 0x2502, 0x2524, 0x2561, 0x2562, 0x2556, 0x2555, 0x2563, 0x2551, 0x2557, 0x
 231:Middlewares/Third_Party/FatFs/src/option/ccsbcs.c **** 	0x2514, 0x2534, 0x252C, 0x251C, 0x2500, 0x253C, 0x255E, 0x255F, 0x255A, 0x2554, 0x2569, 0x2566, 0x
 232:Middlewares/Third_Party/FatFs/src/option/ccsbcs.c **** 	0x2568, 0x2564, 0x2565, 0x2559, 0x2558, 0x2552, 0x2553, 0x256B, 0x256A, 0x2518, 0x250C, 0x2588, 0x
 233:Middlewares/Third_Party/FatFs/src/option/ccsbcs.c **** 	0x03B1, 0x00DF, 0x0393, 0x03C0, 0x03A3, 0x03C3, 0x00B5, 0x03C4, 0x03A6, 0x0398, 0x03A9, 0x03B4, 0x
 234:Middlewares/Third_Party/FatFs/src/option/ccsbcs.c **** 	0x2261, 0x00B1, 0x2265, 0x2264, 0x2320, 0x2321, 0x00F7, 0x2248, 0x00B0, 0x2219, 0x00B7, 0x221A, 0x
 235:Middlewares/Third_Party/FatFs/src/option/ccsbcs.c **** };
 236:Middlewares/Third_Party/FatFs/src/option/ccsbcs.c **** 
 237:Middlewares/Third_Party/FatFs/src/option/ccsbcs.c **** #elif _CODE_PAGE == 866
 238:Middlewares/Third_Party/FatFs/src/option/ccsbcs.c **** #define _TBLDEF 1
 239:Middlewares/Third_Party/FatFs/src/option/ccsbcs.c **** static
 240:Middlewares/Third_Party/FatFs/src/option/ccsbcs.c **** const WCHAR Tbl[] = {	/*  CP866(0x80-0xFF) to Unicode conversion table */
 241:Middlewares/Third_Party/FatFs/src/option/ccsbcs.c **** 	0x0410, 0x0411, 0x0412, 0x0413, 0x0414, 0x0415, 0x0416, 0x0417, 0x0418, 0x0419, 0x041A, 0x041B, 0x
 242:Middlewares/Third_Party/FatFs/src/option/ccsbcs.c **** 	0x0420, 0x0421, 0x0422, 0x0423, 0x0424, 0x0425, 0x0426, 0x0427, 0x0428, 0x0429, 0x042A, 0x042B, 0x
 243:Middlewares/Third_Party/FatFs/src/option/ccsbcs.c **** 	0x0430, 0x0431, 0x0432, 0x0433, 0x0434, 0x0435, 0x0436, 0x0437, 0x0438, 0x0439, 0x043A, 0x043B, 0x
 244:Middlewares/Third_Party/FatFs/src/option/ccsbcs.c **** 	0x2591, 0x2592, 0x2593, 0x2502, 0x2524, 0x2561, 0x2562, 0x2556, 0x2555, 0x2563, 0x2551, 0x2557, 0x
 245:Middlewares/Third_Party/FatFs/src/option/ccsbcs.c **** 	0x2514, 0x2534, 0x252C, 0x251C, 0x2500, 0x253C, 0x255E, 0x255F, 0x255A, 0x2554, 0x2569, 0x2566, 0x
 246:Middlewares/Third_Party/FatFs/src/option/ccsbcs.c **** 	0x2568, 0x2564, 0x2565, 0x2559, 0x2558, 0x2552, 0x2553, 0x256B, 0x256A, 0x2518, 0x250C, 0x2588, 0x
 247:Middlewares/Third_Party/FatFs/src/option/ccsbcs.c **** 	0x0440, 0x0441, 0x0442, 0x0443, 0x0444, 0x0445, 0x0446, 0x0447, 0x0448, 0x0449, 0x044A, 0x044B, 0x
 248:Middlewares/Third_Party/FatFs/src/option/ccsbcs.c **** 	0x0401, 0x0451, 0x0404, 0x0454, 0x0407, 0x0457, 0x040E, 0x045E, 0x00B0, 0x2219, 0x00B7, 0x221A, 0x
 249:Middlewares/Third_Party/FatFs/src/option/ccsbcs.c **** };
 250:Middlewares/Third_Party/FatFs/src/option/ccsbcs.c **** 
 251:Middlewares/Third_Party/FatFs/src/option/ccsbcs.c **** #elif _CODE_PAGE == 869
 252:Middlewares/Third_Party/FatFs/src/option/ccsbcs.c **** #define _TBLDEF 1
 253:Middlewares/Third_Party/FatFs/src/option/ccsbcs.c **** static
 254:Middlewares/Third_Party/FatFs/src/option/ccsbcs.c **** const WCHAR Tbl[] = {	/*  CP869(0x80-0xFF) to Unicode conversion table */
 255:Middlewares/Third_Party/FatFs/src/option/ccsbcs.c **** 	0x00B7, 0x00B7, 0x00B7, 0x00B7, 0x00B7, 0x00B7, 0x0386, 0x00B7, 0x00B7, 0x00AC, 0x00A6, 0x2018, 0x
 256:Middlewares/Third_Party/FatFs/src/option/ccsbcs.c **** 	0x038A, 0x03AA, 0x038C, 0x00B7, 0x00B7, 0x038E, 0x03AB, 0x00A9, 0x038F, 0x00B2, 0x00B3, 0x03AC, 0x
 257:Middlewares/Third_Party/FatFs/src/option/ccsbcs.c **** 	0x03CA, 0x0390, 0x03CC, 0x03CD, 0x0391, 0x0392, 0x0393, 0x0394, 0x0395, 0x0396, 0x0397, 0x00BD, 0x
ARM GAS  /var/folders/fz/x0kldt2j7vs_j4slv3pyc44m0000gp/T//ccRaPmjQ.s 			page 6


 258:Middlewares/Third_Party/FatFs/src/option/ccsbcs.c **** 	0x2591, 0x2592, 0x2593, 0x2502, 0x2524, 0x039A, 0x039B, 0x039C, 0x039D, 0x2563, 0x2551, 0x2557, 0x
 259:Middlewares/Third_Party/FatFs/src/option/ccsbcs.c **** 	0x2514, 0x2534, 0x252C, 0x251C, 0x2500, 0x253C, 0x0A30, 0x03A1, 0x255A, 0x2554, 0x2569, 0x2566, 0x
 260:Middlewares/Third_Party/FatFs/src/option/ccsbcs.c **** 	0x03A4, 0x03A5, 0x03A6, 0x03A7, 0x03A8, 0x03A9, 0x03B1, 0x03B2, 0x03B3, 0x2518, 0x250C, 0x2588, 0x
 261:Middlewares/Third_Party/FatFs/src/option/ccsbcs.c **** 	0x03B6, 0x03B7, 0x03B8, 0x03B9, 0x03BA, 0x03BB, 0x03BC, 0x03BD, 0x03BE, 0x03BF, 0x03C0, 0x03C1, 0x
 262:Middlewares/Third_Party/FatFs/src/option/ccsbcs.c **** 	0x00AD, 0x00B1, 0x03C5, 0x03C6, 0x03C7, 0x00A7, 0x03C8, 0x0385, 0x00B0, 0x00A8, 0x03C9, 0x03CB, 0x
 263:Middlewares/Third_Party/FatFs/src/option/ccsbcs.c **** };
 264:Middlewares/Third_Party/FatFs/src/option/ccsbcs.c **** 
 265:Middlewares/Third_Party/FatFs/src/option/ccsbcs.c **** #endif
 266:Middlewares/Third_Party/FatFs/src/option/ccsbcs.c **** 
 267:Middlewares/Third_Party/FatFs/src/option/ccsbcs.c **** 
 268:Middlewares/Third_Party/FatFs/src/option/ccsbcs.c **** #if !_TBLDEF || !_USE_LFN
 269:Middlewares/Third_Party/FatFs/src/option/ccsbcs.c **** #error This file is not needed at current configuration. Remove from the project.
 270:Middlewares/Third_Party/FatFs/src/option/ccsbcs.c **** #endif
 271:Middlewares/Third_Party/FatFs/src/option/ccsbcs.c **** 
 272:Middlewares/Third_Party/FatFs/src/option/ccsbcs.c **** 
 273:Middlewares/Third_Party/FatFs/src/option/ccsbcs.c **** 
 274:Middlewares/Third_Party/FatFs/src/option/ccsbcs.c **** 
 275:Middlewares/Third_Party/FatFs/src/option/ccsbcs.c **** WCHAR ff_convert (	/* Converted character, Returns zero on error */
 276:Middlewares/Third_Party/FatFs/src/option/ccsbcs.c **** 	WCHAR	chr,	/* Character code to be converted */
 277:Middlewares/Third_Party/FatFs/src/option/ccsbcs.c **** 	UINT	dir		/* 0: Unicode to OEM code, 1: OEM code to Unicode */
 278:Middlewares/Third_Party/FatFs/src/option/ccsbcs.c **** )
 279:Middlewares/Third_Party/FatFs/src/option/ccsbcs.c **** {
  30              		.loc 1 279 1 view -0
  31              		.cfi_startproc
  32              		@ args = 0, pretend = 0, frame = 0
  33              		@ frame_needed = 0, uses_anonymous_args = 0
  34              		@ link register save eliminated.
 280:Middlewares/Third_Party/FatFs/src/option/ccsbcs.c **** 	WCHAR c;
  35              		.loc 1 280 2 view .LVU1
 281:Middlewares/Third_Party/FatFs/src/option/ccsbcs.c **** 
 282:Middlewares/Third_Party/FatFs/src/option/ccsbcs.c **** 
 283:Middlewares/Third_Party/FatFs/src/option/ccsbcs.c **** 	if (chr < 0x80) {	/* ASCII */
  36              		.loc 1 283 2 view .LVU2
  37              		.loc 1 283 5 is_stmt 0 view .LVU3
  38 0000 7F28     		cmp	r0, #127
  39 0002 17D9     		bls	.L2
 284:Middlewares/Third_Party/FatFs/src/option/ccsbcs.c **** 		c = chr;
 285:Middlewares/Third_Party/FatFs/src/option/ccsbcs.c **** 
 286:Middlewares/Third_Party/FatFs/src/option/ccsbcs.c **** 	} else {
 287:Middlewares/Third_Party/FatFs/src/option/ccsbcs.c **** 		if (dir) {		/* OEM code to Unicode */
  40              		.loc 1 287 3 is_stmt 1 view .LVU4
  41              		.loc 1 287 6 is_stmt 0 view .LVU5
  42 0004 31B1     		cbz	r1, .L6
 288:Middlewares/Third_Party/FatFs/src/option/ccsbcs.c **** 			c = (chr >= 0x100) ? 0 : Tbl[chr - 0x80];
  43              		.loc 1 288 4 is_stmt 1 view .LVU6
  44              		.loc 1 288 6 is_stmt 0 view .LVU7
  45 0006 FF28     		cmp	r0, #255
  46 0008 13D8     		bhi	.L7
  47              		.loc 1 288 37 discriminator 1 view .LVU8
  48 000a 8038     		subs	r0, r0, #128
  49              	.LVL1:
  50              		.loc 1 288 6 discriminator 1 view .LVU9
  51 000c 0A4B     		ldr	r3, .L8
  52 000e 33F81000 		ldrh	r0, [r3, r0, lsl #1]
  53 0012 7047     		bx	lr
  54              	.LVL2:
  55              	.L6:
ARM GAS  /var/folders/fz/x0kldt2j7vs_j4slv3pyc44m0000gp/T//ccRaPmjQ.s 			page 7


 289:Middlewares/Third_Party/FatFs/src/option/ccsbcs.c **** 
 290:Middlewares/Third_Party/FatFs/src/option/ccsbcs.c **** 		} else {		/* Unicode to OEM code */
 291:Middlewares/Third_Party/FatFs/src/option/ccsbcs.c **** 			for (c = 0; c < 0x80; c++) {
  56              		.loc 1 291 11 view .LVU10
  57 0014 0023     		movs	r3, #0
  58              	.L3:
  59              	.LVL3:
  60              		.loc 1 291 18 is_stmt 1 discriminator 1 view .LVU11
  61 0016 7F2B     		cmp	r3, #127
  62 0018 07D8     		bhi	.L4
 292:Middlewares/Third_Party/FatFs/src/option/ccsbcs.c **** 				if (chr == Tbl[c]) break;
  63              		.loc 1 292 5 view .LVU12
  64              		.loc 1 292 19 is_stmt 0 view .LVU13
  65 001a 074A     		ldr	r2, .L8
  66 001c 32F81320 		ldrh	r2, [r2, r3, lsl #1]
  67              		.loc 1 292 8 view .LVU14
  68 0020 8242     		cmp	r2, r0
  69 0022 02D0     		beq	.L4
 291:Middlewares/Third_Party/FatFs/src/option/ccsbcs.c **** 				if (chr == Tbl[c]) break;
  70              		.loc 1 291 27 is_stmt 1 discriminator 2 view .LVU15
  71 0024 0133     		adds	r3, r3, #1
  72              	.LVL4:
 291:Middlewares/Third_Party/FatFs/src/option/ccsbcs.c **** 				if (chr == Tbl[c]) break;
  73              		.loc 1 291 27 is_stmt 0 discriminator 2 view .LVU16
  74 0026 9BB2     		uxth	r3, r3
  75              	.LVL5:
 291:Middlewares/Third_Party/FatFs/src/option/ccsbcs.c **** 				if (chr == Tbl[c]) break;
  76              		.loc 1 291 27 discriminator 2 view .LVU17
  77 0028 F5E7     		b	.L3
  78              	.L4:
 293:Middlewares/Third_Party/FatFs/src/option/ccsbcs.c **** 			}
 294:Middlewares/Third_Party/FatFs/src/option/ccsbcs.c **** 			c = (c + 0x80) & 0xFF;
  79              		.loc 1 294 4 is_stmt 1 view .LVU18
  80              		.loc 1 294 11 is_stmt 0 view .LVU19
  81 002a 03F18000 		add	r0, r3, #128
  82              	.LVL6:
  83              		.loc 1 294 6 view .LVU20
  84 002e C0B2     		uxtb	r0, r0
  85              	.LVL7:
  86              		.loc 1 294 6 view .LVU21
  87 0030 7047     		bx	lr
  88              	.LVL8:
  89              	.L7:
 288:Middlewares/Third_Party/FatFs/src/option/ccsbcs.c **** 
  90              		.loc 1 288 6 view .LVU22
  91 0032 0020     		movs	r0, #0
  92              	.LVL9:
  93              	.L2:
 295:Middlewares/Third_Party/FatFs/src/option/ccsbcs.c **** 		}
 296:Middlewares/Third_Party/FatFs/src/option/ccsbcs.c **** 	}
 297:Middlewares/Third_Party/FatFs/src/option/ccsbcs.c **** 
 298:Middlewares/Third_Party/FatFs/src/option/ccsbcs.c **** 	return c;
  94              		.loc 1 298 2 is_stmt 1 view .LVU23
 299:Middlewares/Third_Party/FatFs/src/option/ccsbcs.c **** }
  95              		.loc 1 299 1 is_stmt 0 view .LVU24
  96 0034 7047     		bx	lr
  97              	.L9:
ARM GAS  /var/folders/fz/x0kldt2j7vs_j4slv3pyc44m0000gp/T//ccRaPmjQ.s 			page 8


  98 0036 00BF     		.align	2
  99              	.L8:
 100 0038 00000000 		.word	Tbl
 101              		.cfi_endproc
 102              	.LFE144:
 104              		.section	.text.ff_wtoupper,"ax",%progbits
 105              		.align	1
 106              		.global	ff_wtoupper
 107              		.syntax unified
 108              		.thumb
 109              		.thumb_func
 111              	ff_wtoupper:
 112              	.LVL10:
 113              	.LFB145:
 300:Middlewares/Third_Party/FatFs/src/option/ccsbcs.c **** 
 301:Middlewares/Third_Party/FatFs/src/option/ccsbcs.c **** 
 302:Middlewares/Third_Party/FatFs/src/option/ccsbcs.c **** 
 303:Middlewares/Third_Party/FatFs/src/option/ccsbcs.c **** WCHAR ff_wtoupper (	/* Returns upper converted character */
 304:Middlewares/Third_Party/FatFs/src/option/ccsbcs.c **** 	WCHAR chr		/* Unicode character to be upper converted (BMP only) */
 305:Middlewares/Third_Party/FatFs/src/option/ccsbcs.c **** )
 306:Middlewares/Third_Party/FatFs/src/option/ccsbcs.c **** {
 114              		.loc 1 306 1 is_stmt 1 view -0
 115              		.cfi_startproc
 116              		@ args = 0, pretend = 0, frame = 0
 117              		@ frame_needed = 0, uses_anonymous_args = 0
 307:Middlewares/Third_Party/FatFs/src/option/ccsbcs.c **** 	/* Compressed upper conversion table */
 308:Middlewares/Third_Party/FatFs/src/option/ccsbcs.c **** 	static const WCHAR cvt1[] = {	/* U+0000 - U+0FFF */
 118              		.loc 1 308 2 view .LVU26
 309:Middlewares/Third_Party/FatFs/src/option/ccsbcs.c **** 		/* Basic Latin */
 310:Middlewares/Third_Party/FatFs/src/option/ccsbcs.c **** 		0x0061,0x031A,
 311:Middlewares/Third_Party/FatFs/src/option/ccsbcs.c **** 		/* Latin-1 Supplement */
 312:Middlewares/Third_Party/FatFs/src/option/ccsbcs.c **** 		0x00E0,0x0317,  0x00F8,0x0307,  0x00FF,0x0001,0x0178,
 313:Middlewares/Third_Party/FatFs/src/option/ccsbcs.c **** 		/* Latin Extended-A */
 314:Middlewares/Third_Party/FatFs/src/option/ccsbcs.c **** 		0x0100,0x0130,  0x0132,0x0106,  0x0139,0x0110,  0x014A,0x012E,  0x0179,0x0106,
 315:Middlewares/Third_Party/FatFs/src/option/ccsbcs.c **** 		/* Latin Extended-B */
 316:Middlewares/Third_Party/FatFs/src/option/ccsbcs.c **** 		0x0180,0x004D,0x0243,0x0181,0x0182,0x0182,0x0184,0x0184,0x0186,0x0187,0x0187,0x0189,0x018A,0x018B
 317:Middlewares/Third_Party/FatFs/src/option/ccsbcs.c **** 		0x01CD,0x0110,  0x01DD,0x0001,0x018E,  0x01DE,0x0112,  0x01F3,0x0003,0x01F1,0x01F4,0x01F4,  0x01F
 318:Middlewares/Third_Party/FatFs/src/option/ccsbcs.c **** 		0x0222,0x0112,  0x023A,0x0009,0x2C65,0x023B,0x023B,0x023D,0x2C66,0x023F,0x0240,0x0241,0x0241,  0x
 319:Middlewares/Third_Party/FatFs/src/option/ccsbcs.c **** 		/* IPA Extensions */
 320:Middlewares/Third_Party/FatFs/src/option/ccsbcs.c **** 		0x0253,0x0040,0x0181,0x0186,0x0255,0x0189,0x018A,0x0258,0x018F,0x025A,0x0190,0x025C,0x025D,0x025E
 321:Middlewares/Third_Party/FatFs/src/option/ccsbcs.c **** 		/* Greek, Coptic */
 322:Middlewares/Third_Party/FatFs/src/option/ccsbcs.c **** 		0x037B,0x0003,0x03FD,0x03FE,0x03FF,  0x03AC,0x0004,0x0386,0x0388,0x0389,0x038A,  0x03B1,0x0311,
 323:Middlewares/Third_Party/FatFs/src/option/ccsbcs.c **** 		0x03C2,0x0002,0x03A3,0x03A3,  0x03C4,0x0308,  0x03CC,0x0003,0x038C,0x038E,0x038F,  0x03D8,0x0118,
 324:Middlewares/Third_Party/FatFs/src/option/ccsbcs.c **** 		0x03F2,0x000A,0x03F9,0x03F3,0x03F4,0x03F5,0x03F6,0x03F7,0x03F7,0x03F9,0x03FA,0x03FA,
 325:Middlewares/Third_Party/FatFs/src/option/ccsbcs.c **** 		/* Cyrillic */
 326:Middlewares/Third_Party/FatFs/src/option/ccsbcs.c **** 		0x0430,0x0320,  0x0450,0x0710,  0x0460,0x0122,  0x048A,0x0136,  0x04C1,0x010E,  0x04CF,0x0001,0x0
 327:Middlewares/Third_Party/FatFs/src/option/ccsbcs.c **** 		/* Armenian */
 328:Middlewares/Third_Party/FatFs/src/option/ccsbcs.c **** 		0x0561,0x0426,
 329:Middlewares/Third_Party/FatFs/src/option/ccsbcs.c **** 
 330:Middlewares/Third_Party/FatFs/src/option/ccsbcs.c **** 		0x0000
 331:Middlewares/Third_Party/FatFs/src/option/ccsbcs.c **** 	};
 332:Middlewares/Third_Party/FatFs/src/option/ccsbcs.c **** 	static const WCHAR cvt2[] = {	/* U+1000 - U+FFFF */
 119              		.loc 1 332 2 view .LVU27
 333:Middlewares/Third_Party/FatFs/src/option/ccsbcs.c **** 		/* Phonetic Extensions */
 334:Middlewares/Third_Party/FatFs/src/option/ccsbcs.c **** 		0x1D7D,0x0001,0x2C63,
 335:Middlewares/Third_Party/FatFs/src/option/ccsbcs.c **** 		/* Latin Extended Additional */
 336:Middlewares/Third_Party/FatFs/src/option/ccsbcs.c **** 		0x1E00,0x0196,  0x1EA0,0x015A,
ARM GAS  /var/folders/fz/x0kldt2j7vs_j4slv3pyc44m0000gp/T//ccRaPmjQ.s 			page 9


 337:Middlewares/Third_Party/FatFs/src/option/ccsbcs.c **** 		/* Greek Extended */
 338:Middlewares/Third_Party/FatFs/src/option/ccsbcs.c **** 		0x1F00,0x0608,  0x1F10,0x0606,  0x1F20,0x0608,  0x1F30,0x0608,  0x1F40,0x0606,
 339:Middlewares/Third_Party/FatFs/src/option/ccsbcs.c **** 		0x1F51,0x0007,0x1F59,0x1F52,0x1F5B,0x1F54,0x1F5D,0x1F56,0x1F5F,  0x1F60,0x0608,
 340:Middlewares/Third_Party/FatFs/src/option/ccsbcs.c **** 		0x1F70,0x000E,0x1FBA,0x1FBB,0x1FC8,0x1FC9,0x1FCA,0x1FCB,0x1FDA,0x1FDB,0x1FF8,0x1FF9,0x1FEA,0x1FEB
 341:Middlewares/Third_Party/FatFs/src/option/ccsbcs.c **** 		0x1F80,0x0608,  0x1F90,0x0608,  0x1FA0,0x0608,  0x1FB0,0x0004,0x1FB8,0x1FB9,0x1FB2,0x1FBC,
 342:Middlewares/Third_Party/FatFs/src/option/ccsbcs.c **** 		0x1FCC,0x0001,0x1FC3,  0x1FD0,0x0602,  0x1FE0,0x0602,  0x1FE5,0x0001,0x1FEC,  0x1FF2,0x0001,0x1FF
 343:Middlewares/Third_Party/FatFs/src/option/ccsbcs.c **** 		/* Letterlike Symbols */
 344:Middlewares/Third_Party/FatFs/src/option/ccsbcs.c **** 		0x214E,0x0001,0x2132,
 345:Middlewares/Third_Party/FatFs/src/option/ccsbcs.c **** 		/* Number forms */
 346:Middlewares/Third_Party/FatFs/src/option/ccsbcs.c **** 		0x2170,0x0210,  0x2184,0x0001,0x2183,
 347:Middlewares/Third_Party/FatFs/src/option/ccsbcs.c **** 		/* Enclosed Alphanumerics */
 348:Middlewares/Third_Party/FatFs/src/option/ccsbcs.c **** 		0x24D0,0x051A,  0x2C30,0x042F,
 349:Middlewares/Third_Party/FatFs/src/option/ccsbcs.c **** 		/* Latin Extended-C */
 350:Middlewares/Third_Party/FatFs/src/option/ccsbcs.c **** 		0x2C60,0x0102,  0x2C67,0x0106, 0x2C75,0x0102,
 351:Middlewares/Third_Party/FatFs/src/option/ccsbcs.c **** 		/* Coptic */
 352:Middlewares/Third_Party/FatFs/src/option/ccsbcs.c **** 		0x2C80,0x0164,
 353:Middlewares/Third_Party/FatFs/src/option/ccsbcs.c **** 		/* Georgian Supplement */
 354:Middlewares/Third_Party/FatFs/src/option/ccsbcs.c **** 		0x2D00,0x0826,
 355:Middlewares/Third_Party/FatFs/src/option/ccsbcs.c **** 		/* Full-width */
 356:Middlewares/Third_Party/FatFs/src/option/ccsbcs.c **** 		0xFF41,0x031A,
 357:Middlewares/Third_Party/FatFs/src/option/ccsbcs.c **** 
 358:Middlewares/Third_Party/FatFs/src/option/ccsbcs.c **** 		0x0000
 359:Middlewares/Third_Party/FatFs/src/option/ccsbcs.c **** 	};
 360:Middlewares/Third_Party/FatFs/src/option/ccsbcs.c **** 	const WCHAR *p;
 120              		.loc 1 360 2 view .LVU28
 361:Middlewares/Third_Party/FatFs/src/option/ccsbcs.c **** 	WCHAR bc, nc, cmd;
 121              		.loc 1 361 2 view .LVU29
 362:Middlewares/Third_Party/FatFs/src/option/ccsbcs.c **** 
 363:Middlewares/Third_Party/FatFs/src/option/ccsbcs.c **** 
 364:Middlewares/Third_Party/FatFs/src/option/ccsbcs.c **** 	p = chr < 0x1000 ? cvt1 : cvt2;
 122              		.loc 1 364 2 view .LVU30
 123              		.loc 1 364 26 is_stmt 0 view .LVU31
 124 0000 B0F5805F 		cmp	r0, #4096
 125 0004 07D2     		bcs	.L26
 126 0006 244B     		ldr	r3, .L36
 127              	.L30:
 128              	.LVL11:
 365:Middlewares/Third_Party/FatFs/src/option/ccsbcs.c **** 	for (;;) {
 129              		.loc 1 365 2 is_stmt 1 view .LVU32
 366:Middlewares/Third_Party/FatFs/src/option/ccsbcs.c **** 		bc = *p++;								/* Get block base */
 130              		.loc 1 366 3 view .LVU33
 131              		.loc 1 366 6 is_stmt 0 view .LVU34
 132 0008 1988     		ldrh	r1, [r3]
 133              	.LVL12:
 367:Middlewares/Third_Party/FatFs/src/option/ccsbcs.c **** 		if (!bc || chr < bc) break;
 134              		.loc 1 367 3 is_stmt 1 view .LVU35
 135              		.loc 1 367 6 is_stmt 0 view .LVU36
 136 000a 4A1E     		subs	r2, r1, #1
 137 000c 92B2     		uxth	r2, r2
 138 000e 9042     		cmp	r0, r2
 139 0010 40D9     		bls	.L34
 306:Middlewares/Third_Party/FatFs/src/option/ccsbcs.c **** 	/* Compressed upper conversion table */
 140              		.loc 1 306 1 view .LVU37
 141 0012 10B5     		push	{r4, lr}
 142              		.cfi_def_cfa_offset 8
 143              		.cfi_offset 4, -8
 144              		.cfi_offset 14, -4
ARM GAS  /var/folders/fz/x0kldt2j7vs_j4slv3pyc44m0000gp/T//ccRaPmjQ.s 			page 10


 145 0014 07E0     		b	.L32
 146              	.LVL13:
 147              	.L26:
 148              		.cfi_def_cfa_offset 0
 149              		.cfi_restore 4
 150              		.cfi_restore 14
 364:Middlewares/Third_Party/FatFs/src/option/ccsbcs.c **** 	for (;;) {
 151              		.loc 1 364 26 view .LVU38
 152 0016 214B     		ldr	r3, .L36+4
 153 0018 F6E7     		b	.L30
 154              	.LVL14:
 155              	.L27:
 156              		.cfi_def_cfa_offset 8
 157              		.cfi_offset 4, -8
 158              		.cfi_offset 14, -4
 368:Middlewares/Third_Party/FatFs/src/option/ccsbcs.c **** 		nc = *p++; cmd = nc >> 8; nc &= 0xFF;	/* Get processing command and block size */
 159              		.loc 1 368 10 view .LVU39
 160 001a 7346     		mov	r3, lr
 161              	.LVL15:
 162              	.L24:
 365:Middlewares/Third_Party/FatFs/src/option/ccsbcs.c **** 		bc = *p++;								/* Get block base */
 163              		.loc 1 365 2 is_stmt 1 view .LVU40
 366:Middlewares/Third_Party/FatFs/src/option/ccsbcs.c **** 		if (!bc || chr < bc) break;
 164              		.loc 1 366 3 view .LVU41
 366:Middlewares/Third_Party/FatFs/src/option/ccsbcs.c **** 		if (!bc || chr < bc) break;
 165              		.loc 1 366 6 is_stmt 0 view .LVU42
 166 001c 1988     		ldrh	r1, [r3]
 167              	.LVL16:
 367:Middlewares/Third_Party/FatFs/src/option/ccsbcs.c **** 		nc = *p++; cmd = nc >> 8; nc &= 0xFF;	/* Get processing command and block size */
 168              		.loc 1 367 3 is_stmt 1 view .LVU43
 367:Middlewares/Third_Party/FatFs/src/option/ccsbcs.c **** 		nc = *p++; cmd = nc >> 8; nc &= 0xFF;	/* Get processing command and block size */
 169              		.loc 1 367 6 is_stmt 0 view .LVU44
 170 001e 4A1E     		subs	r2, r1, #1
 171              	.LVL17:
 367:Middlewares/Third_Party/FatFs/src/option/ccsbcs.c **** 		nc = *p++; cmd = nc >> 8; nc &= 0xFF;	/* Get processing command and block size */
 172              		.loc 1 367 6 view .LVU45
 173 0020 92B2     		uxth	r2, r2
 174 0022 9042     		cmp	r0, r2
 175 0024 19D9     		bls	.L12
 176              	.LVL18:
 177              	.L32:
 178              		.loc 1 368 3 is_stmt 1 view .LVU46
 179              		.loc 1 368 10 is_stmt 0 view .LVU47
 180 0026 03F1040E 		add	lr, r3, #4
 181              	.LVL19:
 182              		.loc 1 368 6 view .LVU48
 183 002a 5B88     		ldrh	r3, [r3, #2]
 184              	.LVL20:
 185              		.loc 1 368 14 is_stmt 1 view .LVU49
 186              		.loc 1 368 18 is_stmt 0 view .LVU50
 187 002c 1A0A     		lsrs	r2, r3, #8
 188              	.LVL21:
 189              		.loc 1 368 29 is_stmt 1 view .LVU51
 190              		.loc 1 368 32 is_stmt 0 view .LVU52
 191 002e DBB2     		uxtb	r3, r3
 192              	.LVL22:
 369:Middlewares/Third_Party/FatFs/src/option/ccsbcs.c **** 		if (chr < bc + nc) {	/* In the block? */
ARM GAS  /var/folders/fz/x0kldt2j7vs_j4slv3pyc44m0000gp/T//ccRaPmjQ.s 			page 11


 193              		.loc 1 369 3 is_stmt 1 view .LVU53
 194              		.loc 1 369 16 is_stmt 0 view .LVU54
 195 0030 03EB010C 		add	ip, r3, r1
 196              		.loc 1 369 6 view .LVU55
 197 0034 6045     		cmp	r0, ip
 198 0036 04DB     		blt	.L35
 370:Middlewares/Third_Party/FatFs/src/option/ccsbcs.c **** 			switch (cmd) {
 371:Middlewares/Third_Party/FatFs/src/option/ccsbcs.c **** 			case 0:	chr = p[chr - bc]; break;		/* Table conversion */
 372:Middlewares/Third_Party/FatFs/src/option/ccsbcs.c **** 			case 1:	chr -= (chr - bc) & 1; break;	/* Case pairs */
 373:Middlewares/Third_Party/FatFs/src/option/ccsbcs.c **** 			case 2: chr -= 16; break;				/* Shift -16 */
 374:Middlewares/Third_Party/FatFs/src/option/ccsbcs.c **** 			case 3:	chr -= 32; break;				/* Shift -32 */
 375:Middlewares/Third_Party/FatFs/src/option/ccsbcs.c **** 			case 4:	chr -= 48; break;				/* Shift -48 */
 376:Middlewares/Third_Party/FatFs/src/option/ccsbcs.c **** 			case 5:	chr -= 26; break;				/* Shift -26 */
 377:Middlewares/Third_Party/FatFs/src/option/ccsbcs.c **** 			case 6:	chr += 8; break;				/* Shift +8 */
 378:Middlewares/Third_Party/FatFs/src/option/ccsbcs.c **** 			case 7: chr -= 80; break;				/* Shift -80 */
 379:Middlewares/Third_Party/FatFs/src/option/ccsbcs.c **** 			case 8:	chr -= 0x1C60; break;			/* Shift -0x1C60 */
 380:Middlewares/Third_Party/FatFs/src/option/ccsbcs.c **** 			}
 381:Middlewares/Third_Party/FatFs/src/option/ccsbcs.c **** 			break;
 382:Middlewares/Third_Party/FatFs/src/option/ccsbcs.c **** 		}
 383:Middlewares/Third_Party/FatFs/src/option/ccsbcs.c **** 		if (!cmd) p += nc;
 199              		.loc 1 383 3 is_stmt 1 view .LVU56
 200              		.loc 1 383 6 is_stmt 0 view .LVU57
 201 0038 002A     		cmp	r2, #0
 202 003a EED1     		bne	.L27
 203              		.loc 1 383 13 is_stmt 1 discriminator 1 view .LVU58
 204              		.loc 1 383 15 is_stmt 0 discriminator 1 view .LVU59
 205 003c 0EEB4303 		add	r3, lr, r3, lsl #1
 206              	.LVL23:
 207              		.loc 1 383 15 discriminator 1 view .LVU60
 208 0040 ECE7     		b	.L24
 209              	.LVL24:
 210              	.L35:
 370:Middlewares/Third_Party/FatFs/src/option/ccsbcs.c **** 			switch (cmd) {
 211              		.loc 1 370 4 is_stmt 1 view .LVU61
 212 0042 082A     		cmp	r2, #8
 213 0044 09D8     		bhi	.L12
 214 0046 DFE802F0 		tbb	[pc, r2]
 215              	.LVL25:
 216              	.L15:
 217 004a 05       		.byte	(.L23-.L15)/2
 218 004b 09       		.byte	(.L22-.L15)/2
 219 004c 0F       		.byte	(.L21-.L15)/2
 220 004d 12       		.byte	(.L20-.L15)/2
 221 004e 15       		.byte	(.L19-.L15)/2
 222 004f 18       		.byte	(.L18-.L15)/2
 223 0050 1B       		.byte	(.L17-.L15)/2
 224 0051 1E       		.byte	(.L16-.L15)/2
 225 0052 21       		.byte	(.L14-.L15)/2
 226 0053 00       		.p2align 1
 227              	.L23:
 371:Middlewares/Third_Party/FatFs/src/option/ccsbcs.c **** 			case 1:	chr -= (chr - bc) & 1; break;	/* Case pairs */
 228              		.loc 1 371 12 view .LVU62
 371:Middlewares/Third_Party/FatFs/src/option/ccsbcs.c **** 			case 1:	chr -= (chr - bc) & 1; break;	/* Case pairs */
 229              		.loc 1 371 24 is_stmt 0 view .LVU63
 230 0054 441A     		subs	r4, r0, r1
 371:Middlewares/Third_Party/FatFs/src/option/ccsbcs.c **** 			case 1:	chr -= (chr - bc) & 1; break;	/* Case pairs */
 231              		.loc 1 371 16 view .LVU64
ARM GAS  /var/folders/fz/x0kldt2j7vs_j4slv3pyc44m0000gp/T//ccRaPmjQ.s 			page 12


 232 0056 3EF81400 		ldrh	r0, [lr, r4, lsl #1]
 233              	.LVL26:
 371:Middlewares/Third_Party/FatFs/src/option/ccsbcs.c **** 			case 1:	chr -= (chr - bc) & 1; break;	/* Case pairs */
 234              		.loc 1 371 31 is_stmt 1 view .LVU65
 235              	.L12:
 384:Middlewares/Third_Party/FatFs/src/option/ccsbcs.c **** 	}
 385:Middlewares/Third_Party/FatFs/src/option/ccsbcs.c **** 
 386:Middlewares/Third_Party/FatFs/src/option/ccsbcs.c **** 	return chr;
 236              		.loc 1 386 2 view .LVU66
 387:Middlewares/Third_Party/FatFs/src/option/ccsbcs.c **** }
 237              		.loc 1 387 1 is_stmt 0 view .LVU67
 238 005a 10BD     		pop	{r4, pc}
 239              	.LVL27:
 240              	.L22:
 372:Middlewares/Third_Party/FatFs/src/option/ccsbcs.c **** 			case 2: chr -= 16; break;				/* Shift -16 */
 241              		.loc 1 372 12 is_stmt 1 view .LVU68
 372:Middlewares/Third_Party/FatFs/src/option/ccsbcs.c **** 			case 2: chr -= 16; break;				/* Shift -16 */
 242              		.loc 1 372 30 is_stmt 0 view .LVU69
 243 005c 431A     		subs	r3, r0, r1
 244 005e 03F00103 		and	r3, r3, #1
 372:Middlewares/Third_Party/FatFs/src/option/ccsbcs.c **** 			case 2: chr -= 16; break;				/* Shift -16 */
 245              		.loc 1 372 16 view .LVU70
 246 0062 C01A     		subs	r0, r0, r3
 247              	.LVL28:
 372:Middlewares/Third_Party/FatFs/src/option/ccsbcs.c **** 			case 2: chr -= 16; break;				/* Shift -16 */
 248              		.loc 1 372 16 view .LVU71
 249 0064 80B2     		uxth	r0, r0
 250              	.LVL29:
 372:Middlewares/Third_Party/FatFs/src/option/ccsbcs.c **** 			case 2: chr -= 16; break;				/* Shift -16 */
 251              		.loc 1 372 35 is_stmt 1 view .LVU72
 252 0066 F8E7     		b	.L12
 253              	.L21:
 373:Middlewares/Third_Party/FatFs/src/option/ccsbcs.c **** 			case 3:	chr -= 32; break;				/* Shift -32 */
 254              		.loc 1 373 12 view .LVU73
 373:Middlewares/Third_Party/FatFs/src/option/ccsbcs.c **** 			case 3:	chr -= 32; break;				/* Shift -32 */
 255              		.loc 1 373 16 is_stmt 0 view .LVU74
 256 0068 1038     		subs	r0, r0, #16
 257              	.LVL30:
 373:Middlewares/Third_Party/FatFs/src/option/ccsbcs.c **** 			case 3:	chr -= 32; break;				/* Shift -32 */
 258              		.loc 1 373 16 view .LVU75
 259 006a 80B2     		uxth	r0, r0
 260              	.LVL31:
 373:Middlewares/Third_Party/FatFs/src/option/ccsbcs.c **** 			case 3:	chr -= 32; break;				/* Shift -32 */
 261              		.loc 1 373 23 is_stmt 1 view .LVU76
 262 006c F5E7     		b	.L12
 263              	.L20:
 374:Middlewares/Third_Party/FatFs/src/option/ccsbcs.c **** 			case 4:	chr -= 48; break;				/* Shift -48 */
 264              		.loc 1 374 12 view .LVU77
 374:Middlewares/Third_Party/FatFs/src/option/ccsbcs.c **** 			case 4:	chr -= 48; break;				/* Shift -48 */
 265              		.loc 1 374 16 is_stmt 0 view .LVU78
 266 006e 2038     		subs	r0, r0, #32
 267              	.LVL32:
 374:Middlewares/Third_Party/FatFs/src/option/ccsbcs.c **** 			case 4:	chr -= 48; break;				/* Shift -48 */
 268              		.loc 1 374 16 view .LVU79
 269 0070 80B2     		uxth	r0, r0
 270              	.LVL33:
 374:Middlewares/Third_Party/FatFs/src/option/ccsbcs.c **** 			case 4:	chr -= 48; break;				/* Shift -48 */
ARM GAS  /var/folders/fz/x0kldt2j7vs_j4slv3pyc44m0000gp/T//ccRaPmjQ.s 			page 13


 271              		.loc 1 374 23 is_stmt 1 view .LVU80
 272 0072 F2E7     		b	.L12
 273              	.L19:
 375:Middlewares/Third_Party/FatFs/src/option/ccsbcs.c **** 			case 5:	chr -= 26; break;				/* Shift -26 */
 274              		.loc 1 375 12 view .LVU81
 375:Middlewares/Third_Party/FatFs/src/option/ccsbcs.c **** 			case 5:	chr -= 26; break;				/* Shift -26 */
 275              		.loc 1 375 16 is_stmt 0 view .LVU82
 276 0074 3038     		subs	r0, r0, #48
 277              	.LVL34:
 375:Middlewares/Third_Party/FatFs/src/option/ccsbcs.c **** 			case 5:	chr -= 26; break;				/* Shift -26 */
 278              		.loc 1 375 16 view .LVU83
 279 0076 80B2     		uxth	r0, r0
 280              	.LVL35:
 375:Middlewares/Third_Party/FatFs/src/option/ccsbcs.c **** 			case 5:	chr -= 26; break;				/* Shift -26 */
 281              		.loc 1 375 23 is_stmt 1 view .LVU84
 282 0078 EFE7     		b	.L12
 283              	.L18:
 376:Middlewares/Third_Party/FatFs/src/option/ccsbcs.c **** 			case 6:	chr += 8; break;				/* Shift +8 */
 284              		.loc 1 376 12 view .LVU85
 376:Middlewares/Third_Party/FatFs/src/option/ccsbcs.c **** 			case 6:	chr += 8; break;				/* Shift +8 */
 285              		.loc 1 376 16 is_stmt 0 view .LVU86
 286 007a 1A38     		subs	r0, r0, #26
 287              	.LVL36:
 376:Middlewares/Third_Party/FatFs/src/option/ccsbcs.c **** 			case 6:	chr += 8; break;				/* Shift +8 */
 288              		.loc 1 376 16 view .LVU87
 289 007c 80B2     		uxth	r0, r0
 290              	.LVL37:
 376:Middlewares/Third_Party/FatFs/src/option/ccsbcs.c **** 			case 6:	chr += 8; break;				/* Shift +8 */
 291              		.loc 1 376 23 is_stmt 1 view .LVU88
 292 007e ECE7     		b	.L12
 293              	.L17:
 377:Middlewares/Third_Party/FatFs/src/option/ccsbcs.c **** 			case 7: chr -= 80; break;				/* Shift -80 */
 294              		.loc 1 377 12 view .LVU89
 377:Middlewares/Third_Party/FatFs/src/option/ccsbcs.c **** 			case 7: chr -= 80; break;				/* Shift -80 */
 295              		.loc 1 377 16 is_stmt 0 view .LVU90
 296 0080 0830     		adds	r0, r0, #8
 297              	.LVL38:
 377:Middlewares/Third_Party/FatFs/src/option/ccsbcs.c **** 			case 7: chr -= 80; break;				/* Shift -80 */
 298              		.loc 1 377 16 view .LVU91
 299 0082 80B2     		uxth	r0, r0
 300              	.LVL39:
 377:Middlewares/Third_Party/FatFs/src/option/ccsbcs.c **** 			case 7: chr -= 80; break;				/* Shift -80 */
 301              		.loc 1 377 22 is_stmt 1 view .LVU92
 302 0084 E9E7     		b	.L12
 303              	.L16:
 378:Middlewares/Third_Party/FatFs/src/option/ccsbcs.c **** 			case 8:	chr -= 0x1C60; break;			/* Shift -0x1C60 */
 304              		.loc 1 378 12 view .LVU93
 378:Middlewares/Third_Party/FatFs/src/option/ccsbcs.c **** 			case 8:	chr -= 0x1C60; break;			/* Shift -0x1C60 */
 305              		.loc 1 378 16 is_stmt 0 view .LVU94
 306 0086 5038     		subs	r0, r0, #80
 307              	.LVL40:
 378:Middlewares/Third_Party/FatFs/src/option/ccsbcs.c **** 			case 8:	chr -= 0x1C60; break;			/* Shift -0x1C60 */
 308              		.loc 1 378 16 view .LVU95
 309 0088 80B2     		uxth	r0, r0
 310              	.LVL41:
 378:Middlewares/Third_Party/FatFs/src/option/ccsbcs.c **** 			case 8:	chr -= 0x1C60; break;			/* Shift -0x1C60 */
 311              		.loc 1 378 23 is_stmt 1 view .LVU96
ARM GAS  /var/folders/fz/x0kldt2j7vs_j4slv3pyc44m0000gp/T//ccRaPmjQ.s 			page 14


 312 008a E6E7     		b	.L12
 313              	.L14:
 379:Middlewares/Third_Party/FatFs/src/option/ccsbcs.c **** 			}
 314              		.loc 1 379 12 view .LVU97
 379:Middlewares/Third_Party/FatFs/src/option/ccsbcs.c **** 			}
 315              		.loc 1 379 16 is_stmt 0 view .LVU98
 316 008c A0F5E350 		sub	r0, r0, #7264
 317              	.LVL42:
 379:Middlewares/Third_Party/FatFs/src/option/ccsbcs.c **** 			}
 318              		.loc 1 379 16 view .LVU99
 319 0090 80B2     		uxth	r0, r0
 320              	.LVL43:
 379:Middlewares/Third_Party/FatFs/src/option/ccsbcs.c **** 			}
 321              		.loc 1 379 27 is_stmt 1 view .LVU100
 322 0092 E2E7     		b	.L12
 323              	.LVL44:
 324              	.L34:
 325              		.cfi_def_cfa_offset 0
 326              		.cfi_restore 4
 327              		.cfi_restore 14
 386:Middlewares/Third_Party/FatFs/src/option/ccsbcs.c **** }
 328              		.loc 1 386 2 view .LVU101
 329              		.loc 1 387 1 is_stmt 0 view .LVU102
 330 0094 7047     		bx	lr
 331              	.L37:
 332 0096 00BF     		.align	2
 333              	.L36:
 334 0098 00000000 		.word	cvt1.1
 335 009c 00000000 		.word	cvt2.0
 336              		.cfi_endproc
 337              	.LFE145:
 339              		.section	.rodata.cvt2.0,"a"
 340              		.align	2
 343              	cvt2.0:
 344 0000 7D1D     		.short	7549
 345 0002 0100     		.short	1
 346 0004 632C     		.short	11363
 347 0006 001E     		.short	7680
 348 0008 9601     		.short	406
 349 000a A01E     		.short	7840
 350 000c 5A01     		.short	346
 351 000e 001F     		.short	7936
 352 0010 0806     		.short	1544
 353 0012 101F     		.short	7952
 354 0014 0606     		.short	1542
 355 0016 201F     		.short	7968
 356 0018 0806     		.short	1544
 357 001a 301F     		.short	7984
 358 001c 0806     		.short	1544
 359 001e 401F     		.short	8000
 360 0020 0606     		.short	1542
 361 0022 511F     		.short	8017
 362 0024 0700     		.short	7
 363 0026 591F     		.short	8025
 364 0028 521F     		.short	8018
 365 002a 5B1F     		.short	8027
 366 002c 541F     		.short	8020
ARM GAS  /var/folders/fz/x0kldt2j7vs_j4slv3pyc44m0000gp/T//ccRaPmjQ.s 			page 15


 367 002e 5D1F     		.short	8029
 368 0030 561F     		.short	8022
 369 0032 5F1F     		.short	8031
 370 0034 601F     		.short	8032
 371 0036 0806     		.short	1544
 372 0038 701F     		.short	8048
 373 003a 0E00     		.short	14
 374 003c BA1F     		.short	8122
 375 003e BB1F     		.short	8123
 376 0040 C81F     		.short	8136
 377 0042 C91F     		.short	8137
 378 0044 CA1F     		.short	8138
 379 0046 CB1F     		.short	8139
 380 0048 DA1F     		.short	8154
 381 004a DB1F     		.short	8155
 382 004c F81F     		.short	8184
 383 004e F91F     		.short	8185
 384 0050 EA1F     		.short	8170
 385 0052 EB1F     		.short	8171
 386 0054 FA1F     		.short	8186
 387 0056 FB1F     		.short	8187
 388 0058 801F     		.short	8064
 389 005a 0806     		.short	1544
 390 005c 901F     		.short	8080
 391 005e 0806     		.short	1544
 392 0060 A01F     		.short	8096
 393 0062 0806     		.short	1544
 394 0064 B01F     		.short	8112
 395 0066 0400     		.short	4
 396 0068 B81F     		.short	8120
 397 006a B91F     		.short	8121
 398 006c B21F     		.short	8114
 399 006e BC1F     		.short	8124
 400 0070 CC1F     		.short	8140
 401 0072 0100     		.short	1
 402 0074 C31F     		.short	8131
 403 0076 D01F     		.short	8144
 404 0078 0206     		.short	1538
 405 007a E01F     		.short	8160
 406 007c 0206     		.short	1538
 407 007e E51F     		.short	8165
 408 0080 0100     		.short	1
 409 0082 EC1F     		.short	8172
 410 0084 F21F     		.short	8178
 411 0086 0100     		.short	1
 412 0088 FC1F     		.short	8188
 413 008a 4E21     		.short	8526
 414 008c 0100     		.short	1
 415 008e 3221     		.short	8498
 416 0090 7021     		.short	8560
 417 0092 1002     		.short	528
 418 0094 8421     		.short	8580
 419 0096 0100     		.short	1
 420 0098 8321     		.short	8579
 421 009a D024     		.short	9424
 422 009c 1A05     		.short	1306
 423 009e 302C     		.short	11312
ARM GAS  /var/folders/fz/x0kldt2j7vs_j4slv3pyc44m0000gp/T//ccRaPmjQ.s 			page 16


 424 00a0 2F04     		.short	1071
 425 00a2 602C     		.short	11360
 426 00a4 0201     		.short	258
 427 00a6 672C     		.short	11367
 428 00a8 0601     		.short	262
 429 00aa 752C     		.short	11381
 430 00ac 0201     		.short	258
 431 00ae 802C     		.short	11392
 432 00b0 6401     		.short	356
 433 00b2 002D     		.short	11520
 434 00b4 2608     		.short	2086
 435 00b6 41FF     		.short	-191
 436 00b8 1A03     		.short	794
 437 00ba 0000     		.short	0
 438              		.section	.rodata.cvt1.1,"a"
 439              		.align	2
 442              	cvt1.1:
 443 0000 6100     		.short	97
 444 0002 1A03     		.short	794
 445 0004 E000     		.short	224
 446 0006 1703     		.short	791
 447 0008 F800     		.short	248
 448 000a 0703     		.short	775
 449 000c FF00     		.short	255
 450 000e 0100     		.short	1
 451 0010 7801     		.short	376
 452 0012 0001     		.short	256
 453 0014 3001     		.short	304
 454 0016 3201     		.short	306
 455 0018 0601     		.short	262
 456 001a 3901     		.short	313
 457 001c 1001     		.short	272
 458 001e 4A01     		.short	330
 459 0020 2E01     		.short	302
 460 0022 7901     		.short	377
 461 0024 0601     		.short	262
 462 0026 8001     		.short	384
 463 0028 4D00     		.short	77
 464 002a 4302     		.short	579
 465 002c 8101     		.short	385
 466 002e 8201     		.short	386
 467 0030 8201     		.short	386
 468 0032 8401     		.short	388
 469 0034 8401     		.short	388
 470 0036 8601     		.short	390
 471 0038 8701     		.short	391
 472 003a 8701     		.short	391
 473 003c 8901     		.short	393
 474 003e 8A01     		.short	394
 475 0040 8B01     		.short	395
 476 0042 8B01     		.short	395
 477 0044 8D01     		.short	397
 478 0046 8E01     		.short	398
 479 0048 8F01     		.short	399
 480 004a 9001     		.short	400
 481 004c 9101     		.short	401
 482 004e 9101     		.short	401
ARM GAS  /var/folders/fz/x0kldt2j7vs_j4slv3pyc44m0000gp/T//ccRaPmjQ.s 			page 17


 483 0050 9301     		.short	403
 484 0052 9401     		.short	404
 485 0054 F601     		.short	502
 486 0056 9601     		.short	406
 487 0058 9701     		.short	407
 488 005a 9801     		.short	408
 489 005c 9801     		.short	408
 490 005e 3D02     		.short	573
 491 0060 9B01     		.short	411
 492 0062 9C01     		.short	412
 493 0064 9D01     		.short	413
 494 0066 2002     		.short	544
 495 0068 9F01     		.short	415
 496 006a A001     		.short	416
 497 006c A001     		.short	416
 498 006e A201     		.short	418
 499 0070 A201     		.short	418
 500 0072 A401     		.short	420
 501 0074 A401     		.short	420
 502 0076 A601     		.short	422
 503 0078 A701     		.short	423
 504 007a A701     		.short	423
 505 007c A901     		.short	425
 506 007e AA01     		.short	426
 507 0080 AB01     		.short	427
 508 0082 AC01     		.short	428
 509 0084 AC01     		.short	428
 510 0086 AE01     		.short	430
 511 0088 AF01     		.short	431
 512 008a AF01     		.short	431
 513 008c B101     		.short	433
 514 008e B201     		.short	434
 515 0090 B301     		.short	435
 516 0092 B301     		.short	435
 517 0094 B501     		.short	437
 518 0096 B501     		.short	437
 519 0098 B701     		.short	439
 520 009a B801     		.short	440
 521 009c B801     		.short	440
 522 009e BA01     		.short	442
 523 00a0 BB01     		.short	443
 524 00a2 BC01     		.short	444
 525 00a4 BC01     		.short	444
 526 00a6 BE01     		.short	446
 527 00a8 F701     		.short	503
 528 00aa C001     		.short	448
 529 00ac C101     		.short	449
 530 00ae C201     		.short	450
 531 00b0 C301     		.short	451
 532 00b2 C401     		.short	452
 533 00b4 C501     		.short	453
 534 00b6 C401     		.short	452
 535 00b8 C701     		.short	455
 536 00ba C801     		.short	456
 537 00bc C701     		.short	455
 538 00be CA01     		.short	458
 539 00c0 CB01     		.short	459
ARM GAS  /var/folders/fz/x0kldt2j7vs_j4slv3pyc44m0000gp/T//ccRaPmjQ.s 			page 18


 540 00c2 CA01     		.short	458
 541 00c4 CD01     		.short	461
 542 00c6 1001     		.short	272
 543 00c8 DD01     		.short	477
 544 00ca 0100     		.short	1
 545 00cc 8E01     		.short	398
 546 00ce DE01     		.short	478
 547 00d0 1201     		.short	274
 548 00d2 F301     		.short	499
 549 00d4 0300     		.short	3
 550 00d6 F101     		.short	497
 551 00d8 F401     		.short	500
 552 00da F401     		.short	500
 553 00dc F801     		.short	504
 554 00de 2801     		.short	296
 555 00e0 2202     		.short	546
 556 00e2 1201     		.short	274
 557 00e4 3A02     		.short	570
 558 00e6 0900     		.short	9
 559 00e8 652C     		.short	11365
 560 00ea 3B02     		.short	571
 561 00ec 3B02     		.short	571
 562 00ee 3D02     		.short	573
 563 00f0 662C     		.short	11366
 564 00f2 3F02     		.short	575
 565 00f4 4002     		.short	576
 566 00f6 4102     		.short	577
 567 00f8 4102     		.short	577
 568 00fa 4602     		.short	582
 569 00fc 0A01     		.short	266
 570 00fe 5302     		.short	595
 571 0100 4000     		.short	64
 572 0102 8101     		.short	385
 573 0104 8601     		.short	390
 574 0106 5502     		.short	597
 575 0108 8901     		.short	393
 576 010a 8A01     		.short	394
 577 010c 5802     		.short	600
 578 010e 8F01     		.short	399
 579 0110 5A02     		.short	602
 580 0112 9001     		.short	400
 581 0114 5C02     		.short	604
 582 0116 5D02     		.short	605
 583 0118 5E02     		.short	606
 584 011a 5F02     		.short	607
 585 011c 9301     		.short	403
 586 011e 6102     		.short	609
 587 0120 6202     		.short	610
 588 0122 9401     		.short	404
 589 0124 6402     		.short	612
 590 0126 6502     		.short	613
 591 0128 6602     		.short	614
 592 012a 6702     		.short	615
 593 012c 9701     		.short	407
 594 012e 9601     		.short	406
 595 0130 6A02     		.short	618
 596 0132 622C     		.short	11362
ARM GAS  /var/folders/fz/x0kldt2j7vs_j4slv3pyc44m0000gp/T//ccRaPmjQ.s 			page 19


 597 0134 6C02     		.short	620
 598 0136 6D02     		.short	621
 599 0138 6E02     		.short	622
 600 013a 9C01     		.short	412
 601 013c 7002     		.short	624
 602 013e 7102     		.short	625
 603 0140 9D01     		.short	413
 604 0142 7302     		.short	627
 605 0144 7402     		.short	628
 606 0146 9F01     		.short	415
 607 0148 7602     		.short	630
 608 014a 7702     		.short	631
 609 014c 7802     		.short	632
 610 014e 7902     		.short	633
 611 0150 7A02     		.short	634
 612 0152 7B02     		.short	635
 613 0154 7C02     		.short	636
 614 0156 642C     		.short	11364
 615 0158 7E02     		.short	638
 616 015a 7F02     		.short	639
 617 015c A601     		.short	422
 618 015e 8102     		.short	641
 619 0160 8202     		.short	642
 620 0162 A901     		.short	425
 621 0164 8402     		.short	644
 622 0166 8502     		.short	645
 623 0168 8602     		.short	646
 624 016a 8702     		.short	647
 625 016c AE01     		.short	430
 626 016e 4402     		.short	580
 627 0170 B101     		.short	433
 628 0172 B201     		.short	434
 629 0174 4502     		.short	581
 630 0176 8D02     		.short	653
 631 0178 8E02     		.short	654
 632 017a 8F02     		.short	655
 633 017c 9002     		.short	656
 634 017e 9102     		.short	657
 635 0180 B701     		.short	439
 636 0182 7B03     		.short	891
 637 0184 0300     		.short	3
 638 0186 FD03     		.short	1021
 639 0188 FE03     		.short	1022
 640 018a FF03     		.short	1023
 641 018c AC03     		.short	940
 642 018e 0400     		.short	4
 643 0190 8603     		.short	902
 644 0192 8803     		.short	904
 645 0194 8903     		.short	905
 646 0196 8A03     		.short	906
 647 0198 B103     		.short	945
 648 019a 1103     		.short	785
 649 019c C203     		.short	962
 650 019e 0200     		.short	2
 651 01a0 A303     		.short	931
 652 01a2 A303     		.short	931
 653 01a4 C403     		.short	964
ARM GAS  /var/folders/fz/x0kldt2j7vs_j4slv3pyc44m0000gp/T//ccRaPmjQ.s 			page 20


 654 01a6 0803     		.short	776
 655 01a8 CC03     		.short	972
 656 01aa 0300     		.short	3
 657 01ac 8C03     		.short	908
 658 01ae 8E03     		.short	910
 659 01b0 8F03     		.short	911
 660 01b2 D803     		.short	984
 661 01b4 1801     		.short	280
 662 01b6 F203     		.short	1010
 663 01b8 0A00     		.short	10
 664 01ba F903     		.short	1017
 665 01bc F303     		.short	1011
 666 01be F403     		.short	1012
 667 01c0 F503     		.short	1013
 668 01c2 F603     		.short	1014
 669 01c4 F703     		.short	1015
 670 01c6 F703     		.short	1015
 671 01c8 F903     		.short	1017
 672 01ca FA03     		.short	1018
 673 01cc FA03     		.short	1018
 674 01ce 3004     		.short	1072
 675 01d0 2003     		.short	800
 676 01d2 5004     		.short	1104
 677 01d4 1007     		.short	1808
 678 01d6 6004     		.short	1120
 679 01d8 2201     		.short	290
 680 01da 8A04     		.short	1162
 681 01dc 3601     		.short	310
 682 01de C104     		.short	1217
 683 01e0 0E01     		.short	270
 684 01e2 CF04     		.short	1231
 685 01e4 0100     		.short	1
 686 01e6 C004     		.short	1216
 687 01e8 D004     		.short	1232
 688 01ea 4401     		.short	324
 689 01ec 6105     		.short	1377
 690 01ee 2604     		.short	1062
 691 01f0 0000     		.short	0
 692              		.section	.rodata.Tbl,"a"
 693              		.align	2
 696              	Tbl:
 697 0000 C700     		.short	199
 698 0002 FC00     		.short	252
 699 0004 E900     		.short	233
 700 0006 E200     		.short	226
 701 0008 E400     		.short	228
 702 000a E000     		.short	224
 703 000c E500     		.short	229
 704 000e E700     		.short	231
 705 0010 EA00     		.short	234
 706 0012 EB00     		.short	235
 707 0014 E800     		.short	232
 708 0016 EF00     		.short	239
 709 0018 EE00     		.short	238
 710 001a EC00     		.short	236
 711 001c C400     		.short	196
 712 001e C500     		.short	197
ARM GAS  /var/folders/fz/x0kldt2j7vs_j4slv3pyc44m0000gp/T//ccRaPmjQ.s 			page 21


 713 0020 C900     		.short	201
 714 0022 E600     		.short	230
 715 0024 C600     		.short	198
 716 0026 F400     		.short	244
 717 0028 F600     		.short	246
 718 002a F200     		.short	242
 719 002c FB00     		.short	251
 720 002e F900     		.short	249
 721 0030 FF00     		.short	255
 722 0032 D600     		.short	214
 723 0034 DC00     		.short	220
 724 0036 F800     		.short	248
 725 0038 A300     		.short	163
 726 003a D800     		.short	216
 727 003c D700     		.short	215
 728 003e 9201     		.short	402
 729 0040 E100     		.short	225
 730 0042 ED00     		.short	237
 731 0044 F300     		.short	243
 732 0046 FA00     		.short	250
 733 0048 F100     		.short	241
 734 004a D100     		.short	209
 735 004c AA00     		.short	170
 736 004e BA00     		.short	186
 737 0050 BF00     		.short	191
 738 0052 AE00     		.short	174
 739 0054 AC00     		.short	172
 740 0056 BD00     		.short	189
 741 0058 BC00     		.short	188
 742 005a A100     		.short	161
 743 005c AB00     		.short	171
 744 005e BB00     		.short	187
 745 0060 9125     		.short	9617
 746 0062 9225     		.short	9618
 747 0064 9325     		.short	9619
 748 0066 0225     		.short	9474
 749 0068 2425     		.short	9508
 750 006a C100     		.short	193
 751 006c C200     		.short	194
 752 006e C000     		.short	192
 753 0070 A900     		.short	169
 754 0072 6325     		.short	9571
 755 0074 5125     		.short	9553
 756 0076 5725     		.short	9559
 757 0078 5D25     		.short	9565
 758 007a A200     		.short	162
 759 007c A500     		.short	165
 760 007e 1025     		.short	9488
 761 0080 1425     		.short	9492
 762 0082 3425     		.short	9524
 763 0084 2C25     		.short	9516
 764 0086 1C25     		.short	9500
 765 0088 0025     		.short	9472
 766 008a 3C25     		.short	9532
 767 008c E300     		.short	227
 768 008e C300     		.short	195
 769 0090 5A25     		.short	9562
ARM GAS  /var/folders/fz/x0kldt2j7vs_j4slv3pyc44m0000gp/T//ccRaPmjQ.s 			page 22


 770 0092 5425     		.short	9556
 771 0094 6925     		.short	9577
 772 0096 6625     		.short	9574
 773 0098 6025     		.short	9568
 774 009a 5025     		.short	9552
 775 009c 6C25     		.short	9580
 776 009e A400     		.short	164
 777 00a0 F000     		.short	240
 778 00a2 D000     		.short	208
 779 00a4 CA00     		.short	202
 780 00a6 CB00     		.short	203
 781 00a8 C800     		.short	200
 782 00aa 3101     		.short	305
 783 00ac CD00     		.short	205
 784 00ae CE00     		.short	206
 785 00b0 CF00     		.short	207
 786 00b2 1825     		.short	9496
 787 00b4 0C25     		.short	9484
 788 00b6 8825     		.short	9608
 789 00b8 8425     		.short	9604
 790 00ba A600     		.short	166
 791 00bc CC00     		.short	204
 792 00be 8025     		.short	9600
 793 00c0 D300     		.short	211
 794 00c2 DF00     		.short	223
 795 00c4 D400     		.short	212
 796 00c6 D200     		.short	210
 797 00c8 F500     		.short	245
 798 00ca D500     		.short	213
 799 00cc B500     		.short	181
 800 00ce FE00     		.short	254
 801 00d0 DE00     		.short	222
 802 00d2 DA00     		.short	218
 803 00d4 DB00     		.short	219
 804 00d6 D900     		.short	217
 805 00d8 FD00     		.short	253
 806 00da DD00     		.short	221
 807 00dc AF00     		.short	175
 808 00de B400     		.short	180
 809 00e0 AD00     		.short	173
 810 00e2 B100     		.short	177
 811 00e4 1720     		.short	8215
 812 00e6 BE00     		.short	190
 813 00e8 B600     		.short	182
 814 00ea A700     		.short	167
 815 00ec F700     		.short	247
 816 00ee B800     		.short	184
 817 00f0 B000     		.short	176
 818 00f2 A800     		.short	168
 819 00f4 B700     		.short	183
 820 00f6 B900     		.short	185
 821 00f8 B300     		.short	179
 822 00fa B200     		.short	178
 823 00fc A025     		.short	9632
 824 00fe A000     		.short	160
 825              		.text
 826              	.Letext0:
ARM GAS  /var/folders/fz/x0kldt2j7vs_j4slv3pyc44m0000gp/T//ccRaPmjQ.s 			page 23


 827              		.file 2 "Middlewares/Third_Party/FatFs/src/option/../integer.h"
ARM GAS  /var/folders/fz/x0kldt2j7vs_j4slv3pyc44m0000gp/T//ccRaPmjQ.s 			page 24


DEFINED SYMBOLS
                            *ABS*:0000000000000000 ccsbcs.c
/var/folders/fz/x0kldt2j7vs_j4slv3pyc44m0000gp/T//ccRaPmjQ.s:21     .text.ff_convert:0000000000000000 $t
/var/folders/fz/x0kldt2j7vs_j4slv3pyc44m0000gp/T//ccRaPmjQ.s:27     .text.ff_convert:0000000000000000 ff_convert
/var/folders/fz/x0kldt2j7vs_j4slv3pyc44m0000gp/T//ccRaPmjQ.s:100    .text.ff_convert:0000000000000038 $d
/var/folders/fz/x0kldt2j7vs_j4slv3pyc44m0000gp/T//ccRaPmjQ.s:696    .rodata.Tbl:0000000000000000 Tbl
/var/folders/fz/x0kldt2j7vs_j4slv3pyc44m0000gp/T//ccRaPmjQ.s:105    .text.ff_wtoupper:0000000000000000 $t
/var/folders/fz/x0kldt2j7vs_j4slv3pyc44m0000gp/T//ccRaPmjQ.s:111    .text.ff_wtoupper:0000000000000000 ff_wtoupper
/var/folders/fz/x0kldt2j7vs_j4slv3pyc44m0000gp/T//ccRaPmjQ.s:217    .text.ff_wtoupper:000000000000004a $d
/var/folders/fz/x0kldt2j7vs_j4slv3pyc44m0000gp/T//ccRaPmjQ.s:334    .text.ff_wtoupper:0000000000000098 $d
/var/folders/fz/x0kldt2j7vs_j4slv3pyc44m0000gp/T//ccRaPmjQ.s:442    .rodata.cvt1.1:0000000000000000 cvt1.1
/var/folders/fz/x0kldt2j7vs_j4slv3pyc44m0000gp/T//ccRaPmjQ.s:343    .rodata.cvt2.0:0000000000000000 cvt2.0
/var/folders/fz/x0kldt2j7vs_j4slv3pyc44m0000gp/T//ccRaPmjQ.s:340    .rodata.cvt2.0:0000000000000000 $d
/var/folders/fz/x0kldt2j7vs_j4slv3pyc44m0000gp/T//ccRaPmjQ.s:439    .rodata.cvt1.1:0000000000000000 $d
/var/folders/fz/x0kldt2j7vs_j4slv3pyc44m0000gp/T//ccRaPmjQ.s:693    .rodata.Tbl:0000000000000000 $d
/var/folders/fz/x0kldt2j7vs_j4slv3pyc44m0000gp/T//ccRaPmjQ.s:226    .text.ff_wtoupper:0000000000000053 $d
/var/folders/fz/x0kldt2j7vs_j4slv3pyc44m0000gp/T//ccRaPmjQ.s:226    .text.ff_wtoupper:0000000000000054 $t

NO UNDEFINED SYMBOLS
