ARM GAS  /var/folders/fz/x0kldt2j7vs_j4slv3pyc44m0000gp/T//ccuZodoA.s 			page 1


   1              		.cpu cortex-m7
   2              		.arch armv7e-m
   3              		.fpu fpv5-sp-d16
   4              		.eabi_attribute 27, 1
   5              		.eabi_attribute 28, 1
   6              		.eabi_attribute 20, 1
   7              		.eabi_attribute 21, 1
   8              		.eabi_attribute 23, 3
   9              		.eabi_attribute 24, 1
  10              		.eabi_attribute 25, 1
  11              		.eabi_attribute 26, 1
  12              		.eabi_attribute 30, 1
  13              		.eabi_attribute 34, 1
  14              		.eabi_attribute 18, 4
  15              		.file	"diskio.c"
  16              		.text
  17              	.Ltext0:
  18              		.cfi_sections	.debug_frame
  19              		.file 1 "Middlewares/Third_Party/FatFs/src/diskio.c"
  20              		.section	.text.disk_status,"ax",%progbits
  21              		.align	1
  22              		.global	disk_status
  23              		.syntax unified
  24              		.thumb
  25              		.thumb_func
  27              	disk_status:
  28              	.LVL0:
  29              	.LFB144:
   1:Middlewares/Third_Party/FatFs/src/diskio.c **** /*-----------------------------------------------------------------------*/
   2:Middlewares/Third_Party/FatFs/src/diskio.c **** /* Low level disk I/O module skeleton for FatFs     (C)ChaN, 2017        */
   3:Middlewares/Third_Party/FatFs/src/diskio.c **** /*                                                                       */
   4:Middlewares/Third_Party/FatFs/src/diskio.c **** /*   Portions COPYRIGHT 2017 STMicroelectronics                          */
   5:Middlewares/Third_Party/FatFs/src/diskio.c **** /*   Portions Copyright (C) 2017, ChaN, all right reserved               */
   6:Middlewares/Third_Party/FatFs/src/diskio.c **** /*-----------------------------------------------------------------------*/
   7:Middlewares/Third_Party/FatFs/src/diskio.c **** /* If a working storage control module is available, it should be        */
   8:Middlewares/Third_Party/FatFs/src/diskio.c **** /* attached to the FatFs via a glue function rather than modifying it.   */
   9:Middlewares/Third_Party/FatFs/src/diskio.c **** /* This is an example of glue functions to attach various existing      */
  10:Middlewares/Third_Party/FatFs/src/diskio.c **** /* storage control modules to the FatFs module with a defined API.       */
  11:Middlewares/Third_Party/FatFs/src/diskio.c **** /*-----------------------------------------------------------------------*/
  12:Middlewares/Third_Party/FatFs/src/diskio.c **** 
  13:Middlewares/Third_Party/FatFs/src/diskio.c **** /* Includes ------------------------------------------------------------------*/
  14:Middlewares/Third_Party/FatFs/src/diskio.c **** #include "diskio.h"
  15:Middlewares/Third_Party/FatFs/src/diskio.c **** #include "ff_gen_drv.h"
  16:Middlewares/Third_Party/FatFs/src/diskio.c **** 
  17:Middlewares/Third_Party/FatFs/src/diskio.c **** #if defined ( __GNUC__ )
  18:Middlewares/Third_Party/FatFs/src/diskio.c **** #ifndef __weak
  19:Middlewares/Third_Party/FatFs/src/diskio.c **** #define __weak __attribute__((weak))
  20:Middlewares/Third_Party/FatFs/src/diskio.c **** #endif
  21:Middlewares/Third_Party/FatFs/src/diskio.c **** #endif
  22:Middlewares/Third_Party/FatFs/src/diskio.c **** 
  23:Middlewares/Third_Party/FatFs/src/diskio.c **** /* Private typedef -----------------------------------------------------------*/
  24:Middlewares/Third_Party/FatFs/src/diskio.c **** /* Private define ------------------------------------------------------------*/
  25:Middlewares/Third_Party/FatFs/src/diskio.c **** /* Private variables ---------------------------------------------------------*/
  26:Middlewares/Third_Party/FatFs/src/diskio.c **** extern Disk_drvTypeDef  disk;
  27:Middlewares/Third_Party/FatFs/src/diskio.c **** 
  28:Middlewares/Third_Party/FatFs/src/diskio.c **** /* Private function prototypes -----------------------------------------------*/
  29:Middlewares/Third_Party/FatFs/src/diskio.c **** /* Private functions ---------------------------------------------------------*/
ARM GAS  /var/folders/fz/x0kldt2j7vs_j4slv3pyc44m0000gp/T//ccuZodoA.s 			page 2


  30:Middlewares/Third_Party/FatFs/src/diskio.c **** 
  31:Middlewares/Third_Party/FatFs/src/diskio.c **** /**
  32:Middlewares/Third_Party/FatFs/src/diskio.c ****   * @brief  Gets Disk Status
  33:Middlewares/Third_Party/FatFs/src/diskio.c ****   * @param  pdrv: Physical drive number (0..)
  34:Middlewares/Third_Party/FatFs/src/diskio.c ****   * @retval DSTATUS: Operation status
  35:Middlewares/Third_Party/FatFs/src/diskio.c ****   */
  36:Middlewares/Third_Party/FatFs/src/diskio.c **** DSTATUS disk_status (
  37:Middlewares/Third_Party/FatFs/src/diskio.c **** 	BYTE pdrv		/* Physical drive number to identify the drive */
  38:Middlewares/Third_Party/FatFs/src/diskio.c **** )
  39:Middlewares/Third_Party/FatFs/src/diskio.c **** {
  30              		.loc 1 39 1 view -0
  31              		.cfi_startproc
  32              		@ args = 0, pretend = 0, frame = 0
  33              		@ frame_needed = 0, uses_anonymous_args = 0
  34              		.loc 1 39 1 is_stmt 0 view .LVU1
  35 0000 08B5     		push	{r3, lr}
  36              		.cfi_def_cfa_offset 8
  37              		.cfi_offset 3, -8
  38              		.cfi_offset 14, -4
  40:Middlewares/Third_Party/FatFs/src/diskio.c ****   DSTATUS stat;
  39              		.loc 1 40 3 is_stmt 1 view .LVU2
  41:Middlewares/Third_Party/FatFs/src/diskio.c **** 
  42:Middlewares/Third_Party/FatFs/src/diskio.c ****   stat = disk.drv[pdrv]->disk_status(disk.lun[pdrv]);
  40              		.loc 1 42 3 view .LVU3
  41              		.loc 1 42 18 is_stmt 0 view .LVU4
  42 0002 044B     		ldr	r3, .L3
  43 0004 03EB8002 		add	r2, r3, r0, lsl #2
  44 0008 5268     		ldr	r2, [r2, #4]
  45              		.loc 1 42 24 view .LVU5
  46 000a 5268     		ldr	r2, [r2, #4]
  47              		.loc 1 42 10 view .LVU6
  48 000c 0344     		add	r3, r3, r0
  49 000e 187A     		ldrb	r0, [r3, #8]	@ zero_extendqisi2
  50              	.LVL1:
  51              		.loc 1 42 10 view .LVU7
  52 0010 9047     		blx	r2
  53              	.LVL2:
  43:Middlewares/Third_Party/FatFs/src/diskio.c ****   return stat;
  54              		.loc 1 43 3 is_stmt 1 view .LVU8
  44:Middlewares/Third_Party/FatFs/src/diskio.c **** }
  55              		.loc 1 44 1 is_stmt 0 view .LVU9
  56 0012 08BD     		pop	{r3, pc}
  57              	.L4:
  58              		.align	2
  59              	.L3:
  60 0014 00000000 		.word	disk
  61              		.cfi_endproc
  62              	.LFE144:
  64              		.section	.text.disk_initialize,"ax",%progbits
  65              		.align	1
  66              		.global	disk_initialize
  67              		.syntax unified
  68              		.thumb
  69              		.thumb_func
  71              	disk_initialize:
  72              	.LVL3:
  73              	.LFB145:
ARM GAS  /var/folders/fz/x0kldt2j7vs_j4slv3pyc44m0000gp/T//ccuZodoA.s 			page 3


  45:Middlewares/Third_Party/FatFs/src/diskio.c **** 
  46:Middlewares/Third_Party/FatFs/src/diskio.c **** /**
  47:Middlewares/Third_Party/FatFs/src/diskio.c ****   * @brief  Initializes a Drive
  48:Middlewares/Third_Party/FatFs/src/diskio.c ****   * @param  pdrv: Physical drive number (0..)
  49:Middlewares/Third_Party/FatFs/src/diskio.c ****   * @retval DSTATUS: Operation status
  50:Middlewares/Third_Party/FatFs/src/diskio.c ****   */
  51:Middlewares/Third_Party/FatFs/src/diskio.c **** DSTATUS disk_initialize (
  52:Middlewares/Third_Party/FatFs/src/diskio.c **** 	BYTE pdrv				/* Physical drive nmuber to identify the drive */
  53:Middlewares/Third_Party/FatFs/src/diskio.c **** )
  54:Middlewares/Third_Party/FatFs/src/diskio.c **** {
  74              		.loc 1 54 1 is_stmt 1 view -0
  75              		.cfi_startproc
  76              		@ args = 0, pretend = 0, frame = 0
  77              		@ frame_needed = 0, uses_anonymous_args = 0
  78              		.loc 1 54 1 is_stmt 0 view .LVU11
  79 0000 08B5     		push	{r3, lr}
  80              		.cfi_def_cfa_offset 8
  81              		.cfi_offset 3, -8
  82              		.cfi_offset 14, -4
  55:Middlewares/Third_Party/FatFs/src/diskio.c ****   DSTATUS stat = RES_OK;
  83              		.loc 1 55 3 is_stmt 1 view .LVU12
  84              	.LVL4:
  56:Middlewares/Third_Party/FatFs/src/diskio.c **** 
  57:Middlewares/Third_Party/FatFs/src/diskio.c ****   if(disk.is_initialized[pdrv] == 0)
  85              		.loc 1 57 3 view .LVU13
  86              		.loc 1 57 25 is_stmt 0 view .LVU14
  87 0002 084B     		ldr	r3, .L9
  88 0004 1B5C     		ldrb	r3, [r3, r0]	@ zero_extendqisi2
  89              		.loc 1 57 5 view .LVU15
  90 0006 53B9     		cbnz	r3, .L7
  58:Middlewares/Third_Party/FatFs/src/diskio.c ****   {
  59:Middlewares/Third_Party/FatFs/src/diskio.c ****     disk.is_initialized[pdrv] = 1;
  91              		.loc 1 59 5 is_stmt 1 view .LVU16
  92              		.loc 1 59 31 is_stmt 0 view .LVU17
  93 0008 064B     		ldr	r3, .L9
  94 000a 0122     		movs	r2, #1
  95 000c 1A54     		strb	r2, [r3, r0]
  60:Middlewares/Third_Party/FatFs/src/diskio.c ****     stat = disk.drv[pdrv]->disk_initialize(disk.lun[pdrv]);
  96              		.loc 1 60 5 is_stmt 1 view .LVU18
  97              		.loc 1 60 20 is_stmt 0 view .LVU19
  98 000e 03EB8002 		add	r2, r3, r0, lsl #2
  99 0012 5268     		ldr	r2, [r2, #4]
 100              		.loc 1 60 26 view .LVU20
 101 0014 1268     		ldr	r2, [r2]
 102              		.loc 1 60 12 view .LVU21
 103 0016 0344     		add	r3, r3, r0
 104 0018 187A     		ldrb	r0, [r3, #8]	@ zero_extendqisi2
 105              	.LVL5:
 106              		.loc 1 60 12 view .LVU22
 107 001a 9047     		blx	r2
 108              	.LVL6:
 109              	.L6:
  61:Middlewares/Third_Party/FatFs/src/diskio.c ****   }
  62:Middlewares/Third_Party/FatFs/src/diskio.c ****   return stat;
 110              		.loc 1 62 3 is_stmt 1 view .LVU23
  63:Middlewares/Third_Party/FatFs/src/diskio.c **** }
 111              		.loc 1 63 1 is_stmt 0 view .LVU24
ARM GAS  /var/folders/fz/x0kldt2j7vs_j4slv3pyc44m0000gp/T//ccuZodoA.s 			page 4


 112 001c 08BD     		pop	{r3, pc}
 113              	.LVL7:
 114              	.L7:
  55:Middlewares/Third_Party/FatFs/src/diskio.c **** 
 115              		.loc 1 55 11 view .LVU25
 116 001e 0020     		movs	r0, #0
 117              	.LVL8:
  55:Middlewares/Third_Party/FatFs/src/diskio.c **** 
 118              		.loc 1 55 11 view .LVU26
 119 0020 FCE7     		b	.L6
 120              	.L10:
 121 0022 00BF     		.align	2
 122              	.L9:
 123 0024 00000000 		.word	disk
 124              		.cfi_endproc
 125              	.LFE145:
 127              		.section	.text.disk_read,"ax",%progbits
 128              		.align	1
 129              		.global	disk_read
 130              		.syntax unified
 131              		.thumb
 132              		.thumb_func
 134              	disk_read:
 135              	.LVL9:
 136              	.LFB146:
  64:Middlewares/Third_Party/FatFs/src/diskio.c **** 
  65:Middlewares/Third_Party/FatFs/src/diskio.c **** /**
  66:Middlewares/Third_Party/FatFs/src/diskio.c ****   * @brief  Reads Sector(s)
  67:Middlewares/Third_Party/FatFs/src/diskio.c ****   * @param  pdrv: Physical drive number (0..)
  68:Middlewares/Third_Party/FatFs/src/diskio.c ****   * @param  *buff: Data buffer to store read data
  69:Middlewares/Third_Party/FatFs/src/diskio.c ****   * @param  sector: Sector address (LBA)
  70:Middlewares/Third_Party/FatFs/src/diskio.c ****   * @param  count: Number of sectors to read (1..128)
  71:Middlewares/Third_Party/FatFs/src/diskio.c ****   * @retval DRESULT: Operation result
  72:Middlewares/Third_Party/FatFs/src/diskio.c ****   */
  73:Middlewares/Third_Party/FatFs/src/diskio.c **** DRESULT disk_read (
  74:Middlewares/Third_Party/FatFs/src/diskio.c **** 	BYTE pdrv,		/* Physical drive nmuber to identify the drive */
  75:Middlewares/Third_Party/FatFs/src/diskio.c **** 	BYTE *buff,		/* Data buffer to store read data */
  76:Middlewares/Third_Party/FatFs/src/diskio.c **** 	DWORD sector,	        /* Sector address in LBA */
  77:Middlewares/Third_Party/FatFs/src/diskio.c **** 	UINT count		/* Number of sectors to read */
  78:Middlewares/Third_Party/FatFs/src/diskio.c **** )
  79:Middlewares/Third_Party/FatFs/src/diskio.c **** {
 137              		.loc 1 79 1 is_stmt 1 view -0
 138              		.cfi_startproc
 139              		@ args = 0, pretend = 0, frame = 0
 140              		@ frame_needed = 0, uses_anonymous_args = 0
 141              		.loc 1 79 1 is_stmt 0 view .LVU28
 142 0000 38B5     		push	{r3, r4, r5, lr}
 143              		.cfi_def_cfa_offset 16
 144              		.cfi_offset 3, -16
 145              		.cfi_offset 4, -12
 146              		.cfi_offset 5, -8
 147              		.cfi_offset 14, -4
  80:Middlewares/Third_Party/FatFs/src/diskio.c ****   DRESULT res;
 148              		.loc 1 80 3 is_stmt 1 view .LVU29
  81:Middlewares/Third_Party/FatFs/src/diskio.c **** 
  82:Middlewares/Third_Party/FatFs/src/diskio.c ****   res = disk.drv[pdrv]->disk_read(disk.lun[pdrv], buff, sector, count);
 149              		.loc 1 82 3 view .LVU30
ARM GAS  /var/folders/fz/x0kldt2j7vs_j4slv3pyc44m0000gp/T//ccuZodoA.s 			page 5


 150              		.loc 1 82 17 is_stmt 0 view .LVU31
 151 0002 044C     		ldr	r4, .L13
 152 0004 04EB8005 		add	r5, r4, r0, lsl #2
 153 0008 6D68     		ldr	r5, [r5, #4]
 154              		.loc 1 82 23 view .LVU32
 155 000a AD68     		ldr	r5, [r5, #8]
 156              		.loc 1 82 9 view .LVU33
 157 000c 0444     		add	r4, r4, r0
 158 000e 207A     		ldrb	r0, [r4, #8]	@ zero_extendqisi2
 159              	.LVL10:
 160              		.loc 1 82 9 view .LVU34
 161 0010 A847     		blx	r5
 162              	.LVL11:
  83:Middlewares/Third_Party/FatFs/src/diskio.c ****   return res;
 163              		.loc 1 83 3 is_stmt 1 view .LVU35
  84:Middlewares/Third_Party/FatFs/src/diskio.c **** }
 164              		.loc 1 84 1 is_stmt 0 view .LVU36
 165 0012 38BD     		pop	{r3, r4, r5, pc}
 166              	.L14:
 167              		.align	2
 168              	.L13:
 169 0014 00000000 		.word	disk
 170              		.cfi_endproc
 171              	.LFE146:
 173              		.section	.text.disk_write,"ax",%progbits
 174              		.align	1
 175              		.global	disk_write
 176              		.syntax unified
 177              		.thumb
 178              		.thumb_func
 180              	disk_write:
 181              	.LVL12:
 182              	.LFB147:
  85:Middlewares/Third_Party/FatFs/src/diskio.c **** 
  86:Middlewares/Third_Party/FatFs/src/diskio.c **** /**
  87:Middlewares/Third_Party/FatFs/src/diskio.c ****   * @brief  Writes Sector(s)
  88:Middlewares/Third_Party/FatFs/src/diskio.c ****   * @param  pdrv: Physical drive number (0..)
  89:Middlewares/Third_Party/FatFs/src/diskio.c ****   * @param  *buff: Data to be written
  90:Middlewares/Third_Party/FatFs/src/diskio.c ****   * @param  sector: Sector address (LBA)
  91:Middlewares/Third_Party/FatFs/src/diskio.c ****   * @param  count: Number of sectors to write (1..128)
  92:Middlewares/Third_Party/FatFs/src/diskio.c ****   * @retval DRESULT: Operation result
  93:Middlewares/Third_Party/FatFs/src/diskio.c ****   */
  94:Middlewares/Third_Party/FatFs/src/diskio.c **** #if _USE_WRITE == 1
  95:Middlewares/Third_Party/FatFs/src/diskio.c **** DRESULT disk_write (
  96:Middlewares/Third_Party/FatFs/src/diskio.c **** 	BYTE pdrv,		/* Physical drive nmuber to identify the drive */
  97:Middlewares/Third_Party/FatFs/src/diskio.c **** 	const BYTE *buff,	/* Data to be written */
  98:Middlewares/Third_Party/FatFs/src/diskio.c **** 	DWORD sector,		/* Sector address in LBA */
  99:Middlewares/Third_Party/FatFs/src/diskio.c **** 	UINT count        	/* Number of sectors to write */
 100:Middlewares/Third_Party/FatFs/src/diskio.c **** )
 101:Middlewares/Third_Party/FatFs/src/diskio.c **** {
 183              		.loc 1 101 1 is_stmt 1 view -0
 184              		.cfi_startproc
 185              		@ args = 0, pretend = 0, frame = 0
 186              		@ frame_needed = 0, uses_anonymous_args = 0
 187              		.loc 1 101 1 is_stmt 0 view .LVU38
 188 0000 38B5     		push	{r3, r4, r5, lr}
 189              		.cfi_def_cfa_offset 16
ARM GAS  /var/folders/fz/x0kldt2j7vs_j4slv3pyc44m0000gp/T//ccuZodoA.s 			page 6


 190              		.cfi_offset 3, -16
 191              		.cfi_offset 4, -12
 192              		.cfi_offset 5, -8
 193              		.cfi_offset 14, -4
 102:Middlewares/Third_Party/FatFs/src/diskio.c ****   DRESULT res;
 194              		.loc 1 102 3 is_stmt 1 view .LVU39
 103:Middlewares/Third_Party/FatFs/src/diskio.c **** 
 104:Middlewares/Third_Party/FatFs/src/diskio.c ****   res = disk.drv[pdrv]->disk_write(disk.lun[pdrv], buff, sector, count);
 195              		.loc 1 104 3 view .LVU40
 196              		.loc 1 104 17 is_stmt 0 view .LVU41
 197 0002 044C     		ldr	r4, .L17
 198 0004 04EB8005 		add	r5, r4, r0, lsl #2
 199 0008 6D68     		ldr	r5, [r5, #4]
 200              		.loc 1 104 23 view .LVU42
 201 000a ED68     		ldr	r5, [r5, #12]
 202              		.loc 1 104 9 view .LVU43
 203 000c 0444     		add	r4, r4, r0
 204 000e 207A     		ldrb	r0, [r4, #8]	@ zero_extendqisi2
 205              	.LVL13:
 206              		.loc 1 104 9 view .LVU44
 207 0010 A847     		blx	r5
 208              	.LVL14:
 105:Middlewares/Third_Party/FatFs/src/diskio.c ****   return res;
 209              		.loc 1 105 3 is_stmt 1 view .LVU45
 106:Middlewares/Third_Party/FatFs/src/diskio.c **** }
 210              		.loc 1 106 1 is_stmt 0 view .LVU46
 211 0012 38BD     		pop	{r3, r4, r5, pc}
 212              	.L18:
 213              		.align	2
 214              	.L17:
 215 0014 00000000 		.word	disk
 216              		.cfi_endproc
 217              	.LFE147:
 219              		.section	.text.disk_ioctl,"ax",%progbits
 220              		.align	1
 221              		.global	disk_ioctl
 222              		.syntax unified
 223              		.thumb
 224              		.thumb_func
 226              	disk_ioctl:
 227              	.LVL15:
 228              	.LFB148:
 107:Middlewares/Third_Party/FatFs/src/diskio.c **** #endif /* _USE_WRITE == 1 */
 108:Middlewares/Third_Party/FatFs/src/diskio.c **** 
 109:Middlewares/Third_Party/FatFs/src/diskio.c **** /**
 110:Middlewares/Third_Party/FatFs/src/diskio.c ****   * @brief  I/O control operation
 111:Middlewares/Third_Party/FatFs/src/diskio.c ****   * @param  pdrv: Physical drive number (0..)
 112:Middlewares/Third_Party/FatFs/src/diskio.c ****   * @param  cmd: Control code
 113:Middlewares/Third_Party/FatFs/src/diskio.c ****   * @param  *buff: Buffer to send/receive control data
 114:Middlewares/Third_Party/FatFs/src/diskio.c ****   * @retval DRESULT: Operation result
 115:Middlewares/Third_Party/FatFs/src/diskio.c ****   */
 116:Middlewares/Third_Party/FatFs/src/diskio.c **** #if _USE_IOCTL == 1
 117:Middlewares/Third_Party/FatFs/src/diskio.c **** DRESULT disk_ioctl (
 118:Middlewares/Third_Party/FatFs/src/diskio.c **** 	BYTE pdrv,		/* Physical drive nmuber (0..) */
 119:Middlewares/Third_Party/FatFs/src/diskio.c **** 	BYTE cmd,		/* Control code */
 120:Middlewares/Third_Party/FatFs/src/diskio.c **** 	void *buff		/* Buffer to send/receive control data */
 121:Middlewares/Third_Party/FatFs/src/diskio.c **** )
ARM GAS  /var/folders/fz/x0kldt2j7vs_j4slv3pyc44m0000gp/T//ccuZodoA.s 			page 7


 122:Middlewares/Third_Party/FatFs/src/diskio.c **** {
 229              		.loc 1 122 1 is_stmt 1 view -0
 230              		.cfi_startproc
 231              		@ args = 0, pretend = 0, frame = 0
 232              		@ frame_needed = 0, uses_anonymous_args = 0
 233              		.loc 1 122 1 is_stmt 0 view .LVU48
 234 0000 10B5     		push	{r4, lr}
 235              		.cfi_def_cfa_offset 8
 236              		.cfi_offset 4, -8
 237              		.cfi_offset 14, -4
 123:Middlewares/Third_Party/FatFs/src/diskio.c ****   DRESULT res;
 238              		.loc 1 123 3 is_stmt 1 view .LVU49
 124:Middlewares/Third_Party/FatFs/src/diskio.c **** 
 125:Middlewares/Third_Party/FatFs/src/diskio.c ****   res = disk.drv[pdrv]->disk_ioctl(disk.lun[pdrv], cmd, buff);
 239              		.loc 1 125 3 view .LVU50
 240              		.loc 1 125 17 is_stmt 0 view .LVU51
 241 0002 044B     		ldr	r3, .L21
 242 0004 03EB8004 		add	r4, r3, r0, lsl #2
 243 0008 6468     		ldr	r4, [r4, #4]
 244              		.loc 1 125 23 view .LVU52
 245 000a 2469     		ldr	r4, [r4, #16]
 246              		.loc 1 125 9 view .LVU53
 247 000c 0344     		add	r3, r3, r0
 248 000e 187A     		ldrb	r0, [r3, #8]	@ zero_extendqisi2
 249              	.LVL16:
 250              		.loc 1 125 9 view .LVU54
 251 0010 A047     		blx	r4
 252              	.LVL17:
 126:Middlewares/Third_Party/FatFs/src/diskio.c ****   return res;
 253              		.loc 1 126 3 is_stmt 1 view .LVU55
 127:Middlewares/Third_Party/FatFs/src/diskio.c **** }
 254              		.loc 1 127 1 is_stmt 0 view .LVU56
 255 0012 10BD     		pop	{r4, pc}
 256              	.L22:
 257              		.align	2
 258              	.L21:
 259 0014 00000000 		.word	disk
 260              		.cfi_endproc
 261              	.LFE148:
 263              		.section	.text.get_fattime,"ax",%progbits
 264              		.align	1
 265              		.weak	get_fattime
 266              		.syntax unified
 267              		.thumb
 268              		.thumb_func
 270              	get_fattime:
 271              	.LFB149:
 128:Middlewares/Third_Party/FatFs/src/diskio.c **** #endif /* _USE_IOCTL == 1 */
 129:Middlewares/Third_Party/FatFs/src/diskio.c **** 
 130:Middlewares/Third_Party/FatFs/src/diskio.c **** /**
 131:Middlewares/Third_Party/FatFs/src/diskio.c ****   * @brief  Gets Time from RTC
 132:Middlewares/Third_Party/FatFs/src/diskio.c ****   * @param  None
 133:Middlewares/Third_Party/FatFs/src/diskio.c ****   * @retval Time in DWORD
 134:Middlewares/Third_Party/FatFs/src/diskio.c ****   */
 135:Middlewares/Third_Party/FatFs/src/diskio.c **** __weak DWORD get_fattime (void)
 136:Middlewares/Third_Party/FatFs/src/diskio.c **** {
 272              		.loc 1 136 1 is_stmt 1 view -0
ARM GAS  /var/folders/fz/x0kldt2j7vs_j4slv3pyc44m0000gp/T//ccuZodoA.s 			page 8


 273              		.cfi_startproc
 274              		@ args = 0, pretend = 0, frame = 0
 275              		@ frame_needed = 0, uses_anonymous_args = 0
 276              		@ link register save eliminated.
 137:Middlewares/Third_Party/FatFs/src/diskio.c ****   return 0;
 277              		.loc 1 137 3 view .LVU58
 138:Middlewares/Third_Party/FatFs/src/diskio.c **** }
 278              		.loc 1 138 1 is_stmt 0 view .LVU59
 279 0000 0020     		movs	r0, #0
 280 0002 7047     		bx	lr
 281              		.cfi_endproc
 282              	.LFE149:
 284              		.text
 285              	.Letext0:
 286              		.file 2 "Middlewares/Third_Party/FatFs/src/integer.h"
 287              		.file 3 "Middlewares/Third_Party/FatFs/src/diskio.h"
 288              		.file 4 "/Users/sol/Library/Application Support/Code/User/globalStorage/bmd.stm32-for-vscode/@xpac
 289              		.file 5 "/Users/sol/Library/Application Support/Code/User/globalStorage/bmd.stm32-for-vscode/@xpac
 290              		.file 6 "Middlewares/Third_Party/FatFs/src/ff_gen_drv.h"
ARM GAS  /var/folders/fz/x0kldt2j7vs_j4slv3pyc44m0000gp/T//ccuZodoA.s 			page 9


DEFINED SYMBOLS
                            *ABS*:0000000000000000 diskio.c
/var/folders/fz/x0kldt2j7vs_j4slv3pyc44m0000gp/T//ccuZodoA.s:21     .text.disk_status:0000000000000000 $t
/var/folders/fz/x0kldt2j7vs_j4slv3pyc44m0000gp/T//ccuZodoA.s:27     .text.disk_status:0000000000000000 disk_status
/var/folders/fz/x0kldt2j7vs_j4slv3pyc44m0000gp/T//ccuZodoA.s:60     .text.disk_status:0000000000000014 $d
/var/folders/fz/x0kldt2j7vs_j4slv3pyc44m0000gp/T//ccuZodoA.s:65     .text.disk_initialize:0000000000000000 $t
/var/folders/fz/x0kldt2j7vs_j4slv3pyc44m0000gp/T//ccuZodoA.s:71     .text.disk_initialize:0000000000000000 disk_initialize
/var/folders/fz/x0kldt2j7vs_j4slv3pyc44m0000gp/T//ccuZodoA.s:123    .text.disk_initialize:0000000000000024 $d
/var/folders/fz/x0kldt2j7vs_j4slv3pyc44m0000gp/T//ccuZodoA.s:128    .text.disk_read:0000000000000000 $t
/var/folders/fz/x0kldt2j7vs_j4slv3pyc44m0000gp/T//ccuZodoA.s:134    .text.disk_read:0000000000000000 disk_read
/var/folders/fz/x0kldt2j7vs_j4slv3pyc44m0000gp/T//ccuZodoA.s:169    .text.disk_read:0000000000000014 $d
/var/folders/fz/x0kldt2j7vs_j4slv3pyc44m0000gp/T//ccuZodoA.s:174    .text.disk_write:0000000000000000 $t
/var/folders/fz/x0kldt2j7vs_j4slv3pyc44m0000gp/T//ccuZodoA.s:180    .text.disk_write:0000000000000000 disk_write
/var/folders/fz/x0kldt2j7vs_j4slv3pyc44m0000gp/T//ccuZodoA.s:215    .text.disk_write:0000000000000014 $d
/var/folders/fz/x0kldt2j7vs_j4slv3pyc44m0000gp/T//ccuZodoA.s:220    .text.disk_ioctl:0000000000000000 $t
/var/folders/fz/x0kldt2j7vs_j4slv3pyc44m0000gp/T//ccuZodoA.s:226    .text.disk_ioctl:0000000000000000 disk_ioctl
/var/folders/fz/x0kldt2j7vs_j4slv3pyc44m0000gp/T//ccuZodoA.s:259    .text.disk_ioctl:0000000000000014 $d
/var/folders/fz/x0kldt2j7vs_j4slv3pyc44m0000gp/T//ccuZodoA.s:264    .text.get_fattime:0000000000000000 $t
/var/folders/fz/x0kldt2j7vs_j4slv3pyc44m0000gp/T//ccuZodoA.s:270    .text.get_fattime:0000000000000000 get_fattime

UNDEFINED SYMBOLS
disk
