ARM GAS  /var/folders/fz/x0kldt2j7vs_j4slv3pyc44m0000gp/T//ccGySZLI.s 			page 1


   1              		.cpu cortex-m7
   2              		.arch armv7e-m
   3              		.fpu fpv5-sp-d16
   4              		.eabi_attribute 27, 1
   5              		.eabi_attribute 28, 1
   6              		.eabi_attribute 20, 1
   7              		.eabi_attribute 21, 1
   8              		.eabi_attribute 23, 3
   9              		.eabi_attribute 24, 1
  10              		.eabi_attribute 25, 1
  11              		.eabi_attribute 26, 1
  12              		.eabi_attribute 30, 1
  13              		.eabi_attribute 34, 1
  14              		.eabi_attribute 18, 4
  15              		.file	"events.c"
  16              		.text
  17              	.Ltext0:
  18              		.cfi_sections	.debug_frame
  19              		.file 1 "Core/Src/events.c"
  20              		.section	.text.push_event_queue,"ax",%progbits
  21              		.align	1
  22              		.global	push_event_queue
  23              		.syntax unified
  24              		.thumb
  25              		.thumb_func
  27              	push_event_queue:
  28              	.LFB0:
   1:Core/Src/events.c **** #include "events.h"
   2:Core/Src/events.c **** 
   3:Core/Src/events.c **** #include <stddef.h>
   4:Core/Src/events.c **** 
   5:Core/Src/events.c **** /// @brief The maximum number of events in the queue at a given time
   6:Core/Src/events.c **** #define MAX_PENDING_EVENTS 8
   7:Core/Src/events.c **** 
   8:Core/Src/events.c **** /// @brief The number of events in the queue.
   9:Core/Src/events.c **** static size_t pending_events = 0;
  10:Core/Src/events.c **** 
  11:Core/Src/events.c **** /// @brief An array of events which are waiting to be dispatched.
  12:Core/Src/events.c **** ///        The first element is the oldest.
  13:Core/Src/events.c **** static Event event_queue[MAX_PENDING_EVENTS];
  14:Core/Src/events.c **** 
  15:Core/Src/events.c **** bool push_event_queue(Event event) {
  29              		.loc 1 15 36 view -0
  30              		.cfi_startproc
  31              		@ args = 0, pretend = 0, frame = 8
  32              		@ frame_needed = 0, uses_anonymous_args = 0
  33              		@ link register save eliminated.
  34 0000 82B0     		sub	sp, sp, #8
  35              		.cfi_def_cfa_offset 8
  36 0002 02AB     		add	r3, sp, #8
  37 0004 03E90300 		stmdb	r3, {r0, r1}
  16:Core/Src/events.c ****     if (pending_events >= MAX_PENDING_EVENTS) {
  38              		.loc 1 16 5 view .LVU1
  39              		.loc 1 16 24 is_stmt 0 view .LVU2
  40 0008 094B     		ldr	r3, .L5
  41 000a 1B68     		ldr	r3, [r3]
  42              		.loc 1 16 8 view .LVU3
ARM GAS  /var/folders/fz/x0kldt2j7vs_j4slv3pyc44m0000gp/T//ccGySZLI.s 			page 2


  43 000c 072B     		cmp	r3, #7
  44 000e 0DD8     		bhi	.L3
  17:Core/Src/events.c ****         return false;
  18:Core/Src/events.c ****     }
  19:Core/Src/events.c **** 
  20:Core/Src/events.c ****     event_queue[pending_events] = event;
  45              		.loc 1 20 5 is_stmt 1 view .LVU4
  46              		.loc 1 20 33 is_stmt 0 view .LVU5
  47 0010 084A     		ldr	r2, .L5+4
  48 0012 02EBC302 		add	r2, r2, r3, lsl #3
  49 0016 02A9     		add	r1, sp, #8
  50 0018 11E90300 		ldmdb	r1, {r0, r1}
  51 001c 82E80300 		stm	r2, {r0, r1}
  21:Core/Src/events.c ****     pending_events++;
  52              		.loc 1 21 5 is_stmt 1 view .LVU6
  53              		.loc 1 21 19 is_stmt 0 view .LVU7
  54 0020 0133     		adds	r3, r3, #1
  55 0022 034A     		ldr	r2, .L5
  56 0024 1360     		str	r3, [r2]
  22:Core/Src/events.c ****     return true;
  57              		.loc 1 22 5 is_stmt 1 view .LVU8
  58              		.loc 1 22 12 is_stmt 0 view .LVU9
  59 0026 0120     		movs	r0, #1
  60              	.L2:
  23:Core/Src/events.c **** }
  61              		.loc 1 23 1 view .LVU10
  62 0028 02B0     		add	sp, sp, #8
  63              		.cfi_remember_state
  64              		.cfi_def_cfa_offset 0
  65              		@ sp needed
  66 002a 7047     		bx	lr
  67              	.L3:
  68              		.cfi_restore_state
  17:Core/Src/events.c ****     }
  69              		.loc 1 17 16 view .LVU11
  70 002c 0020     		movs	r0, #0
  71 002e FBE7     		b	.L2
  72              	.L6:
  73              		.align	2
  74              	.L5:
  75 0030 00000000 		.word	pending_events
  76 0034 00000000 		.word	event_queue
  77              		.cfi_endproc
  78              	.LFE0:
  80              		.section	.text.pop_event_queue,"ax",%progbits
  81              		.align	1
  82              		.global	pop_event_queue
  83              		.syntax unified
  84              		.thumb
  85              		.thumb_func
  87              	pop_event_queue:
  88              	.LVL0:
  89              	.LFB1:
  24:Core/Src/events.c **** 
  25:Core/Src/events.c **** bool pop_event_queue(Event *event) {
  90              		.loc 1 25 36 is_stmt 1 view -0
  91              		.cfi_startproc
ARM GAS  /var/folders/fz/x0kldt2j7vs_j4slv3pyc44m0000gp/T//ccGySZLI.s 			page 3


  92              		@ args = 0, pretend = 0, frame = 0
  93              		@ frame_needed = 0, uses_anonymous_args = 0
  94              		@ link register save eliminated.
  95              		.loc 1 25 36 is_stmt 0 view .LVU13
  96 0000 10B4     		push	{r4}
  97              		.cfi_def_cfa_offset 4
  98              		.cfi_offset 4, -4
  26:Core/Src/events.c ****     if (pending_events == 0) {
  99              		.loc 1 26 5 is_stmt 1 view .LVU14
 100              		.loc 1 26 24 is_stmt 0 view .LVU15
 101 0002 114A     		ldr	r2, .L13
 102 0004 1468     		ldr	r4, [r2]
 103              		.loc 1 26 8 view .LVU16
 104 0006 E4B1     		cbz	r4, .L11
 105 0008 0346     		mov	r3, r0
  27:Core/Src/events.c ****         return false;
  28:Core/Src/events.c ****     }
  29:Core/Src/events.c **** 
  30:Core/Src/events.c ****     *event = event_queue[0];
 106              		.loc 1 30 5 is_stmt 1 view .LVU17
 107              		.loc 1 30 12 is_stmt 0 view .LVU18
 108 000a 104A     		ldr	r2, .L13+4
 109 000c 92E80300 		ldm	r2, {r0, r1}
 110              	.LVL1:
 111              		.loc 1 30 12 view .LVU19
 112 0010 83E80300 		stm	r3, {r0, r1}
  31:Core/Src/events.c **** 
  32:Core/Src/events.c ****     pending_events--;
 113              		.loc 1 32 5 is_stmt 1 view .LVU20
 114              		.loc 1 32 19 is_stmt 0 view .LVU21
 115 0014 013C     		subs	r4, r4, #1
 116 0016 0C4B     		ldr	r3, .L13
 117              	.LVL2:
 118              		.loc 1 32 19 view .LVU22
 119 0018 1C60     		str	r4, [r3]
  33:Core/Src/events.c ****     for (size_t i = 0; i < pending_events; ++i) {
 120              		.loc 1 33 5 is_stmt 1 view .LVU23
 121              	.LBB2:
 122              		.loc 1 33 10 view .LVU24
 123              	.LVL3:
 124              		.loc 1 33 17 is_stmt 0 view .LVU25
 125 001a 0023     		movs	r3, #0
 126              		.loc 1 33 5 view .LVU26
 127 001c 0BE0     		b	.L9
 128              	.LVL4:
 129              	.L10:
  34:Core/Src/events.c ****         event_queue[i] = event_queue[i + 1];
 130              		.loc 1 34 9 is_stmt 1 discriminator 3 view .LVU27
 131              		.loc 1 34 40 is_stmt 0 discriminator 3 view .LVU28
 132 001e 03F1010C 		add	ip, r3, #1
 133              		.loc 1 34 24 discriminator 3 view .LVU29
 134 0022 0A4A     		ldr	r2, .L13+4
 135 0024 02EBC303 		add	r3, r2, r3, lsl #3
 136              	.LVL5:
 137              		.loc 1 34 24 discriminator 3 view .LVU30
 138 0028 02EBCC02 		add	r2, r2, ip, lsl #3
 139 002c 92E80300 		ldm	r2, {r0, r1}
ARM GAS  /var/folders/fz/x0kldt2j7vs_j4slv3pyc44m0000gp/T//ccGySZLI.s 			page 4


 140 0030 83E80300 		stm	r3, {r0, r1}
  33:Core/Src/events.c ****     for (size_t i = 0; i < pending_events; ++i) {
 141              		.loc 1 33 44 is_stmt 1 discriminator 3 view .LVU31
 142              	.LVL6:
  33:Core/Src/events.c ****     for (size_t i = 0; i < pending_events; ++i) {
 143              		.loc 1 33 44 is_stmt 0 discriminator 3 view .LVU32
 144 0034 6346     		mov	r3, ip
 145              	.LVL7:
 146              	.L9:
  33:Core/Src/events.c ****     for (size_t i = 0; i < pending_events; ++i) {
 147              		.loc 1 33 26 is_stmt 1 discriminator 1 view .LVU33
 148 0036 9C42     		cmp	r4, r3
 149 0038 F1D8     		bhi	.L10
 150              	.LBE2:
  35:Core/Src/events.c ****     }
  36:Core/Src/events.c **** 
  37:Core/Src/events.c ****     return true;
 151              		.loc 1 37 12 is_stmt 0 view .LVU34
 152 003a 0120     		movs	r0, #1
 153              	.LVL8:
 154              	.L8:
  38:Core/Src/events.c **** }
 155              		.loc 1 38 1 view .LVU35
 156 003c 5DF8044B 		ldr	r4, [sp], #4
 157              		.cfi_remember_state
 158              		.cfi_restore 4
 159              		.cfi_def_cfa_offset 0
 160 0040 7047     		bx	lr
 161              	.LVL9:
 162              	.L11:
 163              		.cfi_restore_state
  27:Core/Src/events.c ****     }
 164              		.loc 1 27 16 view .LVU36
 165 0042 0020     		movs	r0, #0
 166              	.LVL10:
  27:Core/Src/events.c ****     }
 167              		.loc 1 27 16 view .LVU37
 168 0044 FAE7     		b	.L8
 169              	.L14:
 170 0046 00BF     		.align	2
 171              	.L13:
 172 0048 00000000 		.word	pending_events
 173 004c 00000000 		.word	event_queue
 174              		.cfi_endproc
 175              	.LFE1:
 177              		.section	.bss.event_queue,"aw",%nobits
 178              		.align	2
 181              	event_queue:
 182 0000 00000000 		.space	64
 182      00000000 
 182      00000000 
 182      00000000 
 182      00000000 
 183              		.section	.bss.pending_events,"aw",%nobits
 184              		.align	2
 187              	pending_events:
 188 0000 00000000 		.space	4
ARM GAS  /var/folders/fz/x0kldt2j7vs_j4slv3pyc44m0000gp/T//ccGySZLI.s 			page 5


 189              		.text
 190              	.Letext0:
 191              		.file 2 "/Users/sol/Library/Application Support/Code/User/globalStorage/bmd.stm32-for-vscode/@xpac
 192              		.file 3 "Core/Inc/events.h"
ARM GAS  /var/folders/fz/x0kldt2j7vs_j4slv3pyc44m0000gp/T//ccGySZLI.s 			page 6


DEFINED SYMBOLS
                            *ABS*:0000000000000000 events.c
/var/folders/fz/x0kldt2j7vs_j4slv3pyc44m0000gp/T//ccGySZLI.s:21     .text.push_event_queue:0000000000000000 $t
/var/folders/fz/x0kldt2j7vs_j4slv3pyc44m0000gp/T//ccGySZLI.s:27     .text.push_event_queue:0000000000000000 push_event_queue
/var/folders/fz/x0kldt2j7vs_j4slv3pyc44m0000gp/T//ccGySZLI.s:75     .text.push_event_queue:0000000000000030 $d
/var/folders/fz/x0kldt2j7vs_j4slv3pyc44m0000gp/T//ccGySZLI.s:187    .bss.pending_events:0000000000000000 pending_events
/var/folders/fz/x0kldt2j7vs_j4slv3pyc44m0000gp/T//ccGySZLI.s:181    .bss.event_queue:0000000000000000 event_queue
/var/folders/fz/x0kldt2j7vs_j4slv3pyc44m0000gp/T//ccGySZLI.s:81     .text.pop_event_queue:0000000000000000 $t
/var/folders/fz/x0kldt2j7vs_j4slv3pyc44m0000gp/T//ccGySZLI.s:87     .text.pop_event_queue:0000000000000000 pop_event_queue
/var/folders/fz/x0kldt2j7vs_j4slv3pyc44m0000gp/T//ccGySZLI.s:172    .text.pop_event_queue:0000000000000048 $d
/var/folders/fz/x0kldt2j7vs_j4slv3pyc44m0000gp/T//ccGySZLI.s:178    .bss.event_queue:0000000000000000 $d
/var/folders/fz/x0kldt2j7vs_j4slv3pyc44m0000gp/T//ccGySZLI.s:184    .bss.pending_events:0000000000000000 $d

NO UNDEFINED SYMBOLS
