ARM GAS  /var/folders/fz/x0kldt2j7vs_j4slv3pyc44m0000gp/T//ccs4llEC.s 			page 1


   1              		.cpu cortex-m7
   2              		.arch armv7e-m
   3              		.fpu fpv5-sp-d16
   4              		.eabi_attribute 27, 1
   5              		.eabi_attribute 28, 1
   6              		.eabi_attribute 20, 1
   7              		.eabi_attribute 21, 1
   8              		.eabi_attribute 23, 3
   9              		.eabi_attribute 24, 1
  10              		.eabi_attribute 25, 1
  11              		.eabi_attribute 26, 1
  12              		.eabi_attribute 30, 1
  13              		.eabi_attribute 34, 1
  14              		.eabi_attribute 18, 4
  15              		.file	"fatfs_platform.c"
  16              		.text
  17              	.Ltext0:
  18              		.cfi_sections	.debug_frame
  19              		.file 1 "FATFS/Target/fatfs_platform.c"
  20              		.section	.text.BSP_PlatformIsDetected,"ax",%progbits
  21              		.align	1
  22              		.global	BSP_PlatformIsDetected
  23              		.syntax unified
  24              		.thumb
  25              		.thumb_func
  27              	BSP_PlatformIsDetected:
  28              	.LFB141:
   1:FATFS/Target/fatfs_platform.c **** /* USER CODE BEGIN Header */
   2:FATFS/Target/fatfs_platform.c **** /**
   3:FATFS/Target/fatfs_platform.c ****   ******************************************************************************
   4:FATFS/Target/fatfs_platform.c ****   * @file           : fatfs_platform.c
   5:FATFS/Target/fatfs_platform.c ****   * @brief          : fatfs_platform source file
   6:FATFS/Target/fatfs_platform.c ****   ******************************************************************************
   7:FATFS/Target/fatfs_platform.c ****   * @attention
   8:FATFS/Target/fatfs_platform.c ****   *
   9:FATFS/Target/fatfs_platform.c ****   * Copyright (c) 2023 STMicroelectronics.
  10:FATFS/Target/fatfs_platform.c ****   * All rights reserved.
  11:FATFS/Target/fatfs_platform.c ****   *
  12:FATFS/Target/fatfs_platform.c ****   * This software is licensed under terms that can be found in the LICENSE file
  13:FATFS/Target/fatfs_platform.c ****   * in the root directory of this software component.
  14:FATFS/Target/fatfs_platform.c ****   * If no LICENSE file comes with this software, it is provided AS-IS.
  15:FATFS/Target/fatfs_platform.c ****   *
  16:FATFS/Target/fatfs_platform.c ****   ******************************************************************************
  17:FATFS/Target/fatfs_platform.c **** */
  18:FATFS/Target/fatfs_platform.c **** /* USER CODE END Header */
  19:FATFS/Target/fatfs_platform.c **** #include "fatfs_platform.h"
  20:FATFS/Target/fatfs_platform.c **** 
  21:FATFS/Target/fatfs_platform.c **** uint8_t	BSP_PlatformIsDetected(void) {
  29              		.loc 1 21 38 view -0
  30              		.cfi_startproc
  31              		@ args = 0, pretend = 0, frame = 0
  32              		@ frame_needed = 0, uses_anonymous_args = 0
  33 0000 08B5     		push	{r3, lr}
  34              		.cfi_def_cfa_offset 8
  35              		.cfi_offset 3, -8
  36              		.cfi_offset 14, -4
  22:FATFS/Target/fatfs_platform.c ****     uint8_t status = SD_PRESENT;
ARM GAS  /var/folders/fz/x0kldt2j7vs_j4slv3pyc44m0000gp/T//ccs4llEC.s 			page 2


  37              		.loc 1 22 5 view .LVU1
  38              	.LVL0:
  23:FATFS/Target/fatfs_platform.c ****     /* Check SD card detect pin */
  24:FATFS/Target/fatfs_platform.c ****     if(HAL_GPIO_ReadPin(SD_DETECT_GPIO_PORT, SD_DETECT_PIN) != GPIO_PIN_RESET)
  39              		.loc 1 24 5 view .LVU2
  40              		.loc 1 24 8 is_stmt 0 view .LVU3
  41 0002 4FF40051 		mov	r1, #8192
  42 0006 0448     		ldr	r0, .L5
  43 0008 FFF7FEFF 		bl	HAL_GPIO_ReadPin
  44              	.LVL1:
  45              		.loc 1 24 7 view .LVU4
  46 000c 08B9     		cbnz	r0, .L3
  22:FATFS/Target/fatfs_platform.c ****     uint8_t status = SD_PRESENT;
  47              		.loc 1 22 13 view .LVU5
  48 000e 0120     		movs	r0, #1
  49              	.L2:
  50              	.LVL2:
  25:FATFS/Target/fatfs_platform.c ****     {
  26:FATFS/Target/fatfs_platform.c ****         status = SD_NOT_PRESENT;
  27:FATFS/Target/fatfs_platform.c ****     }
  28:FATFS/Target/fatfs_platform.c ****     /* USER CODE BEGIN 1 */
  29:FATFS/Target/fatfs_platform.c ****     /* user code can be inserted here */
  30:FATFS/Target/fatfs_platform.c ****     /* USER CODE END 1 */
  31:FATFS/Target/fatfs_platform.c ****     return status;
  51              		.loc 1 31 5 is_stmt 1 view .LVU6
  32:FATFS/Target/fatfs_platform.c **** }
  52              		.loc 1 32 1 is_stmt 0 view .LVU7
  53 0010 08BD     		pop	{r3, pc}
  54              	.LVL3:
  55              	.L3:
  26:FATFS/Target/fatfs_platform.c ****     }
  56              		.loc 1 26 16 view .LVU8
  57 0012 0020     		movs	r0, #0
  58 0014 FCE7     		b	.L2
  59              	.L6:
  60 0016 00BF     		.align	2
  61              	.L5:
  62 0018 00080240 		.word	1073874944
  63              		.cfi_endproc
  64              	.LFE141:
  66              		.text
  67              	.Letext0:
  68              		.file 2 "/Users/sol/Library/Application Support/Code/User/globalStorage/bmd.stm32-for-vscode/@xpac
  69              		.file 3 "/Users/sol/Library/Application Support/Code/User/globalStorage/bmd.stm32-for-vscode/@xpac
  70              		.file 4 "Drivers/CMSIS/Device/ST/STM32F7xx/Include/stm32f746xx.h"
  71              		.file 5 "Drivers/STM32F7xx_HAL_Driver/Inc/stm32f7xx_hal_gpio.h"
ARM GAS  /var/folders/fz/x0kldt2j7vs_j4slv3pyc44m0000gp/T//ccs4llEC.s 			page 3


DEFINED SYMBOLS
                            *ABS*:0000000000000000 fatfs_platform.c
/var/folders/fz/x0kldt2j7vs_j4slv3pyc44m0000gp/T//ccs4llEC.s:21     .text.BSP_PlatformIsDetected:0000000000000000 $t
/var/folders/fz/x0kldt2j7vs_j4slv3pyc44m0000gp/T//ccs4llEC.s:27     .text.BSP_PlatformIsDetected:0000000000000000 BSP_PlatformIsDetected
/var/folders/fz/x0kldt2j7vs_j4slv3pyc44m0000gp/T//ccs4llEC.s:62     .text.BSP_PlatformIsDetected:0000000000000018 $d

UNDEFINED SYMBOLS
HAL_GPIO_ReadPin
