ARM GAS  /var/folders/fz/x0kldt2j7vs_j4slv3pyc44m0000gp/T//ccPVk3ES.s 			page 1


   1              		.cpu cortex-m7
   2              		.arch armv7e-m
   3              		.fpu fpv5-sp-d16
   4              		.eabi_attribute 27, 1
   5              		.eabi_attribute 28, 1
   6              		.eabi_attribute 20, 1
   7              		.eabi_attribute 21, 1
   8              		.eabi_attribute 23, 3
   9              		.eabi_attribute 24, 1
  10              		.eabi_attribute 25, 1
  11              		.eabi_attribute 26, 1
  12              		.eabi_attribute 30, 1
  13              		.eabi_attribute 34, 1
  14              		.eabi_attribute 18, 4
  15              		.file	"mutff_core.c"
  16              		.text
  17              	.Ltext0:
  18              		.cfi_sections	.debug_frame
  19              		.file 1 "mutff/src/mutff_core.c"
  20              		.section	.text.mutff_read,"ax",%progbits
  21              		.align	1
  22              		.global	mutff_read
  23              		.syntax unified
  24              		.thumb
  25              		.thumb_func
  27              	mutff_read:
  28              	.LVL0:
  29              	.LFB0:
   1:mutff/src/mutff_core.c **** ///
   2:mutff/src/mutff_core.c **** /// @file      mutff_core.c
   3:mutff/src/mutff_core.c **** /// @author    Frank Plowman <post@frankplowman.com>
   4:mutff/src/mutff_core.c **** /// @brief     MuTFF MP4/QTFF library core systems source file
   5:mutff/src/mutff_core.c **** /// @copyright 2023 Frank Plowman
   6:mutff/src/mutff_core.c **** /// @license   This project is released under the GNU Public License Version 3.
   7:mutff/src/mutff_core.c **** ///            For the terms of this license, see [LICENSE.md](LICENSE.md)
   8:mutff/src/mutff_core.c **** ///
   9:mutff/src/mutff_core.c **** 
  10:mutff/src/mutff_core.c **** #include "mutff_core.h"
  11:mutff/src/mutff_core.c **** 
  12:mutff/src/mutff_core.c **** #include "mutff_error.h"
  13:mutff/src/mutff_core.c **** #include "mutff_io.h"
  14:mutff/src/mutff_core.c **** 
  15:mutff/src/mutff_core.c **** inline MuTFFError mutff_read(MuTFFContext *ctx, void *data,
  16:mutff/src/mutff_core.c ****                              unsigned int bytes) {
  30              		.loc 1 16 50 view -0
  31              		.cfi_startproc
  32              		@ args = 0, pretend = 0, frame = 0
  33              		@ frame_needed = 0, uses_anonymous_args = 0
  34              		.loc 1 16 50 is_stmt 0 view .LVU1
  35 0000 08B5     		push	{r3, lr}
  36              		.cfi_def_cfa_offset 8
  37              		.cfi_offset 3, -8
  38              		.cfi_offset 14, -4
  17:mutff/src/mutff_core.c ****   return ctx->io.read(ctx->file, data, bytes);
  39              		.loc 1 17 3 is_stmt 1 view .LVU2
  40              		.loc 1 17 17 is_stmt 0 view .LVU3
  41 0002 0368     		ldr	r3, [r0]
ARM GAS  /var/folders/fz/x0kldt2j7vs_j4slv3pyc44m0000gp/T//ccPVk3ES.s 			page 2


  42              		.loc 1 17 10 view .LVU4
  43 0004 0069     		ldr	r0, [r0, #16]
  44              	.LVL1:
  45              		.loc 1 17 10 view .LVU5
  46 0006 9847     		blx	r3
  47              	.LVL2:
  18:mutff/src/mutff_core.c **** }
  48              		.loc 1 18 1 view .LVU6
  49 0008 08BD     		pop	{r3, pc}
  50              		.cfi_endproc
  51              	.LFE0:
  53              		.section	.text.mutff_write,"ax",%progbits
  54              		.align	1
  55              		.global	mutff_write
  56              		.syntax unified
  57              		.thumb
  58              		.thumb_func
  60              	mutff_write:
  61              	.LVL3:
  62              	.LFB1:
  19:mutff/src/mutff_core.c **** 
  20:mutff/src/mutff_core.c **** inline MuTFFError mutff_write(MuTFFContext *ctx, const void *data,
  21:mutff/src/mutff_core.c ****                               unsigned int bytes) {
  63              		.loc 1 21 51 is_stmt 1 view -0
  64              		.cfi_startproc
  65              		@ args = 0, pretend = 0, frame = 0
  66              		@ frame_needed = 0, uses_anonymous_args = 0
  67              		.loc 1 21 51 is_stmt 0 view .LVU8
  68 0000 08B5     		push	{r3, lr}
  69              		.cfi_def_cfa_offset 8
  70              		.cfi_offset 3, -8
  71              		.cfi_offset 14, -4
  22:mutff/src/mutff_core.c ****   return ctx->io.write(ctx->file, data, bytes);
  72              		.loc 1 22 3 is_stmt 1 view .LVU9
  73              		.loc 1 22 17 is_stmt 0 view .LVU10
  74 0002 4368     		ldr	r3, [r0, #4]
  75              		.loc 1 22 10 view .LVU11
  76 0004 0069     		ldr	r0, [r0, #16]
  77              	.LVL4:
  78              		.loc 1 22 10 view .LVU12
  79 0006 9847     		blx	r3
  80              	.LVL5:
  23:mutff/src/mutff_core.c **** }
  81              		.loc 1 23 1 view .LVU13
  82 0008 08BD     		pop	{r3, pc}
  83              		.cfi_endproc
  84              	.LFE1:
  86              		.section	.text.mutff_tell,"ax",%progbits
  87              		.align	1
  88              		.global	mutff_tell
  89              		.syntax unified
  90              		.thumb
  91              		.thumb_func
  93              	mutff_tell:
  94              	.LVL6:
  95              	.LFB2:
  24:mutff/src/mutff_core.c **** 
ARM GAS  /var/folders/fz/x0kldt2j7vs_j4slv3pyc44m0000gp/T//ccPVk3ES.s 			page 3


  25:mutff/src/mutff_core.c **** inline MuTFFError mutff_tell(MuTFFContext *ctx, unsigned int *pos) {
  96              		.loc 1 25 68 is_stmt 1 view -0
  97              		.cfi_startproc
  98              		@ args = 0, pretend = 0, frame = 0
  99              		@ frame_needed = 0, uses_anonymous_args = 0
 100              		.loc 1 25 68 is_stmt 0 view .LVU15
 101 0000 08B5     		push	{r3, lr}
 102              		.cfi_def_cfa_offset 8
 103              		.cfi_offset 3, -8
 104              		.cfi_offset 14, -4
  26:mutff/src/mutff_core.c ****   return ctx->io.tell(ctx->file, pos);
 105              		.loc 1 26 3 is_stmt 1 view .LVU16
 106              		.loc 1 26 17 is_stmt 0 view .LVU17
 107 0002 8368     		ldr	r3, [r0, #8]
 108              		.loc 1 26 10 view .LVU18
 109 0004 0069     		ldr	r0, [r0, #16]
 110              	.LVL7:
 111              		.loc 1 26 10 view .LVU19
 112 0006 9847     		blx	r3
 113              	.LVL8:
  27:mutff/src/mutff_core.c **** }
 114              		.loc 1 27 1 view .LVU20
 115 0008 08BD     		pop	{r3, pc}
 116              		.cfi_endproc
 117              	.LFE2:
 119              		.section	.text.mutff_seek,"ax",%progbits
 120              		.align	1
 121              		.global	mutff_seek
 122              		.syntax unified
 123              		.thumb
 124              		.thumb_func
 126              	mutff_seek:
 127              	.LVL9:
 128              	.LFB3:
  28:mutff/src/mutff_core.c **** 
  29:mutff/src/mutff_core.c **** inline MuTFFError mutff_seek(MuTFFContext *ctx, long pos) {
 129              		.loc 1 29 59 is_stmt 1 view -0
 130              		.cfi_startproc
 131              		@ args = 0, pretend = 0, frame = 0
 132              		@ frame_needed = 0, uses_anonymous_args = 0
 133              		.loc 1 29 59 is_stmt 0 view .LVU22
 134 0000 08B5     		push	{r3, lr}
 135              		.cfi_def_cfa_offset 8
 136              		.cfi_offset 3, -8
 137              		.cfi_offset 14, -4
  30:mutff/src/mutff_core.c ****   return ctx->io.seek(ctx->file, pos);
 138              		.loc 1 30 3 is_stmt 1 view .LVU23
 139              		.loc 1 30 17 is_stmt 0 view .LVU24
 140 0002 C368     		ldr	r3, [r0, #12]
 141              		.loc 1 30 10 view .LVU25
 142 0004 0069     		ldr	r0, [r0, #16]
 143              	.LVL10:
 144              		.loc 1 30 10 view .LVU26
 145 0006 9847     		blx	r3
 146              	.LVL11:
  31:mutff/src/mutff_core.c **** }
 147              		.loc 1 31 1 view .LVU27
ARM GAS  /var/folders/fz/x0kldt2j7vs_j4slv3pyc44m0000gp/T//ccPVk3ES.s 			page 4


 148 0008 08BD     		pop	{r3, pc}
 149              		.cfi_endproc
 150              	.LFE3:
 152              		.text
 153              	.Letext0:
 154              		.file 2 "mutff/include/mutff_error.h"
 155              		.file 3 "mutff/include/mutff_io.h"
 156              		.file 4 "mutff/include/mutff_core.h"
ARM GAS  /var/folders/fz/x0kldt2j7vs_j4slv3pyc44m0000gp/T//ccPVk3ES.s 			page 5


DEFINED SYMBOLS
                            *ABS*:0000000000000000 mutff_core.c
/var/folders/fz/x0kldt2j7vs_j4slv3pyc44m0000gp/T//ccPVk3ES.s:21     .text.mutff_read:0000000000000000 $t
/var/folders/fz/x0kldt2j7vs_j4slv3pyc44m0000gp/T//ccPVk3ES.s:27     .text.mutff_read:0000000000000000 mutff_read
/var/folders/fz/x0kldt2j7vs_j4slv3pyc44m0000gp/T//ccPVk3ES.s:54     .text.mutff_write:0000000000000000 $t
/var/folders/fz/x0kldt2j7vs_j4slv3pyc44m0000gp/T//ccPVk3ES.s:60     .text.mutff_write:0000000000000000 mutff_write
/var/folders/fz/x0kldt2j7vs_j4slv3pyc44m0000gp/T//ccPVk3ES.s:87     .text.mutff_tell:0000000000000000 $t
/var/folders/fz/x0kldt2j7vs_j4slv3pyc44m0000gp/T//ccPVk3ES.s:93     .text.mutff_tell:0000000000000000 mutff_tell
/var/folders/fz/x0kldt2j7vs_j4slv3pyc44m0000gp/T//ccPVk3ES.s:120    .text.mutff_seek:0000000000000000 $t
/var/folders/fz/x0kldt2j7vs_j4slv3pyc44m0000gp/T//ccPVk3ES.s:126    .text.mutff_seek:0000000000000000 mutff_seek

NO UNDEFINED SYMBOLS
